Exception in thread Thread-1:
Traceback (most recent call last):
  File "/usr/lib/python3.10/threading.py", line 1016, in _bootstrap_inner
    self.run()
  File "/home/iguanya/nurses/env/lib/python3.10/site-packages/redis/client.py", line 1162, in run
    pubsub.get_message(ignore_subscribe_messages=True, timeout=sleep_time)
  File "/home/iguanya/nurses/env/lib/python3.10/site-packages/redis/client.py", line 1024, in get_message
    response = self.parse_response(block=(timeout is None), timeout=timeout)
  File "/home/iguanya/nurses/env/lib/python3.10/site-packages/redis/client.py", line 835, in parse_response
    response = self._execute(conn, try_read)
  File "/home/iguanya/nurses/env/lib/python3.10/site-packages/redis/client.py", line 811, in _execute
    return conn.retry.call_with_retry(
  File "/home/iguanya/nurses/env/lib/python3.10/site-packages/redis/retry.py", line 49, in call_with_retry
    fail(error)
  File "/home/iguanya/nurses/env/lib/python3.10/site-packages/redis/client.py", line 813, in <lambda>
    lambda error: self._disconnect_raise_connect(conn, error),
  File "/home/iguanya/nurses/env/lib/python3.10/site-packages/redis/client.py", line 800, in _disconnect_raise_connect
    raise error
  File "/home/iguanya/nurses/env/lib/python3.10/site-packages/redis/retry.py", line 46, in call_with_retry
    return do()
  File "/home/iguanya/nurses/env/lib/python3.10/site-packages/redis/client.py", line 812, in <lambda>
    lambda: command(*args, **kwargs),
  File "/home/iguanya/nurses/env/lib/python3.10/site-packages/redis/client.py", line 829, in try_read
    if not conn.can_read(timeout=timeout):
  File "/home/iguanya/nurses/env/lib/python3.10/site-packages/redis/connection.py", line 490, in can_read
    return self._parser.can_read(timeout)
  File "/home/iguanya/nurses/env/lib/python3.10/site-packages/redis/_parsers/hiredis.py", line 75, in can_read
    return self.read_from_socket(timeout=timeout, raise_on_timeout=False)
  File "/home/iguanya/nurses/env/lib/python3.10/site-packages/redis/_parsers/hiredis.py", line 86, in read_from_socket
    raise ConnectionError(SERVER_CLOSED_CONNECTION_ERROR)
redis.exceptions.ConnectionError: Connection closed by server.
Traceback (most recent call last):
  File "/home/iguanya/nurses/env/lib/python3.10/site-packages/redis/connection.py", line 276, in connect
    sock = self.retry.call_with_retry(
  File "/home/iguanya/nurses/env/lib/python3.10/site-packages/redis/retry.py", line 46, in call_with_retry
    return do()
  File "/home/iguanya/nurses/env/lib/python3.10/site-packages/redis/connection.py", line 277, in <lambda>
    lambda: self._connect(), lambda error: self.disconnect(error)
  File "/home/iguanya/nurses/env/lib/python3.10/site-packages/redis/connection.py", line 639, in _connect
    raise err
  File "/home/iguanya/nurses/env/lib/python3.10/site-packages/redis/connection.py", line 627, in _connect
    sock.connect(socket_address)
ConnectionRefusedError: [Errno 111] Connection refused

During handling of the above exception, another exception occurred:

Traceback (most recent call last):
  File "/usr/lib/python3.10/runpy.py", line 196, in _run_module_as_main
    return _run_code(code, main_globals, None,
  File "/usr/lib/python3.10/runpy.py", line 86, in _run_code
    exec(code, run_globals)
  File "/home/iguanya/nurses/apps/frappe/frappe/utils/bench_helper.py", line 128, in <module>
    main()
  File "/home/iguanya/nurses/apps/frappe/frappe/utils/bench_helper.py", line 34, in main
    FrappeCommandGroup(commands=commands)(prog_name="bench")
  File "/home/iguanya/nurses/env/lib/python3.10/site-packages/click/core.py", line 1157, in __call__
    return self.main(*args, **kwargs)
  File "/home/iguanya/nurses/env/lib/python3.10/site-packages/click/core.py", line 1078, in main
    rv = self.invoke(ctx)
  File "/home/iguanya/nurses/env/lib/python3.10/site-packages/click/core.py", line 1688, in invoke
    return _process_result(sub_ctx.command.invoke(sub_ctx))
  File "/home/iguanya/nurses/env/lib/python3.10/site-packages/click/core.py", line 1688, in invoke
    return _process_result(sub_ctx.command.invoke(sub_ctx))
  File "/home/iguanya/nurses/env/lib/python3.10/site-packages/click/core.py", line 1434, in invoke
    return ctx.invoke(self.callback, **ctx.params)
  File "/home/iguanya/nurses/env/lib/python3.10/site-packages/click/core.py", line 783, in invoke
    return __callback(*args, **kwargs)
  File "/home/iguanya/nurses/apps/frappe/frappe/commands/scheduler.py", line 202, in start_worker
    start_worker(
  File "/home/iguanya/nurses/apps/frappe/frappe/utils/background_jobs.py", line 305, in start_worker
    worker.work(
  File "/home/iguanya/nurses/env/lib/python3.10/site-packages/rq/worker.py", line 456, in work
    self.teardown()
  File "/home/iguanya/nurses/env/lib/python3.10/site-packages/rq/worker.py", line 1047, in teardown
    self.unsubscribe()
  File "/home/iguanya/nurses/env/lib/python3.10/site-packages/rq/worker.py", line 624, in unsubscribe
    self.pubsub.unsubscribe()
  File "/home/iguanya/nurses/env/lib/python3.10/site-packages/redis/client.py", line 952, in unsubscribe
    return self.execute_command("UNSUBSCRIBE", *args)
  File "/home/iguanya/nurses/env/lib/python3.10/site-packages/redis/client.py", line 768, in execute_command
    self._execute(connection, connection.send_command, *args, **kwargs)
  File "/home/iguanya/nurses/env/lib/python3.10/site-packages/redis/client.py", line 811, in _execute
    return conn.retry.call_with_retry(
  File "/home/iguanya/nurses/env/lib/python3.10/site-packages/redis/retry.py", line 49, in call_with_retry
    fail(error)
  File "/home/iguanya/nurses/env/lib/python3.10/site-packages/redis/client.py", line 813, in <lambda>
    lambda error: self._disconnect_raise_connect(conn, error),
  File "/home/iguanya/nurses/env/lib/python3.10/site-packages/redis/client.py", line 800, in _disconnect_raise_connect
    raise error
  File "/home/iguanya/nurses/env/lib/python3.10/site-packages/redis/retry.py", line 46, in call_with_retry
    return do()
  File "/home/iguanya/nurses/env/lib/python3.10/site-packages/redis/client.py", line 812, in <lambda>
    lambda: command(*args, **kwargs),
  File "/home/iguanya/nurses/env/lib/python3.10/site-packages/redis/connection.py", line 476, in send_command
    self.send_packed_command(
  File "/home/iguanya/nurses/env/lib/python3.10/site-packages/redis/connection.py", line 446, in send_packed_command
    self.connect()
  File "/home/iguanya/nurses/env/lib/python3.10/site-packages/redis/connection.py", line 282, in connect
    raise ConnectionError(self._error_message(e))
redis.exceptions.ConnectionError: Error 111 connecting to 127.0.0.1:11005. Connection refused.
/home/iguanya/nurses/env/lib/python3.10/site-packages/rq/connections.py:58: DeprecationWarning: The `push_connection` function is deprecated. Pass the `connection` explicitly instead.
  warnings.warn(
/home/iguanya/nurses/env/lib/python3.10/site-packages/googleapiclient/model.py:30: DeprecationWarning: pkg_resources is deprecated as an API. See https://setuptools.pypa.io/en/latest/pkg_resources.html
  import pkg_resources
/home/iguanya/nurses/env/lib/python3.10/site-packages/pkg_resources/__init__.py:2846: DeprecationWarning: Deprecated call to `pkg_resources.declare_namespace('google')`.
Implementing implicit namespace packages (as specified in PEP 420) is preferred to `pkg_resources.declare_namespace`. See https://setuptools.pypa.io/en/latest/references/keywords.html#keyword-namespace-packages
  declare_namespace(pkg)
/home/iguanya/nurses/env/lib/python3.10/site-packages/pkg_resources/__init__.py:2846: DeprecationWarning: Deprecated call to `pkg_resources.declare_namespace('google')`.
Implementing implicit namespace packages (as specified in PEP 420) is preferred to `pkg_resources.declare_namespace`. See https://setuptools.pypa.io/en/latest/references/keywords.html#keyword-namespace-packages
  declare_namespace(pkg)
/home/iguanya/nurses/env/lib/python3.10/site-packages/pkg_resources/__init__.py:2846: DeprecationWarning: Deprecated call to `pkg_resources.declare_namespace('google')`.
Implementing implicit namespace packages (as specified in PEP 420) is preferred to `pkg_resources.declare_namespace`. See https://setuptools.pypa.io/en/latest/references/keywords.html#keyword-namespace-packages
  declare_namespace(pkg)
/home/iguanya/nurses/env/lib/python3.10/site-packages/rq/connections.py:72: DeprecationWarning: The `pop_connection` function is deprecated. Pass the `connection` explicitly instead.
  warnings.warn(
/home/iguanya/nurses/env/lib/python3.10/site-packages/rq/connections.py:58: DeprecationWarning: The `push_connection` function is deprecated. Pass the `connection` explicitly instead.
  warnings.warn(
/home/iguanya/nurses/env/lib/python3.10/site-packages/rq/connections.py:72: DeprecationWarning: The `pop_connection` function is deprecated. Pass the `connection` explicitly instead.
  warnings.warn(
/home/iguanya/nurses/env/lib/python3.10/site-packages/rq/connections.py:58: DeprecationWarning: The `push_connection` function is deprecated. Pass the `connection` explicitly instead.
  warnings.warn(
/home/iguanya/nurses/env/lib/python3.10/site-packages/rq/connections.py:72: DeprecationWarning: The `pop_connection` function is deprecated. Pass the `connection` explicitly instead.
  warnings.warn(
Exception in thread Thread-1:
Traceback (most recent call last):
  File "/usr/lib/python3.10/threading.py", line 1016, in _bootstrap_inner
    self.run()
  File "/home/iguanya/nurses/env/lib/python3.10/site-packages/redis/client.py", line 1162, in run
    pubsub.get_message(ignore_subscribe_messages=True, timeout=sleep_time)
  File "/home/iguanya/nurses/env/lib/python3.10/site-packages/redis/client.py", line 1024, in get_message
    response = self.parse_response(block=(timeout is None), timeout=timeout)
  File "/home/iguanya/nurses/env/lib/python3.10/site-packages/redis/client.py", line 835, in parse_response
    response = self._execute(conn, try_read)
  File "/home/iguanya/nurses/env/lib/python3.10/site-packages/redis/client.py", line 811, in _execute
    return conn.retry.call_with_retry(
  File "/home/iguanya/nurses/env/lib/python3.10/site-packages/redis/retry.py", line 49, in call_with_retry
    fail(error)
  File "/home/iguanya/nurses/env/lib/python3.10/site-packages/redis/client.py", line 813, in <lambda>
    lambda error: self._disconnect_raise_connect(conn, error),
  File "/home/iguanya/nurses/env/lib/python3.10/site-packages/redis/client.py", line 800, in _disconnect_raise_connect
    raise error
  File "/home/iguanya/nurses/env/lib/python3.10/site-packages/redis/retry.py", line 46, in call_with_retry
    return do()
  File "/home/iguanya/nurses/env/lib/python3.10/site-packages/redis/client.py", line 812, in <lambda>
    lambda: command(*args, **kwargs),
  File "/home/iguanya/nurses/env/lib/python3.10/site-packages/redis/client.py", line 829, in try_read
    if not conn.can_read(timeout=timeout):
  File "/home/iguanya/nurses/env/lib/python3.10/site-packages/redis/connection.py", line 490, in can_read
    return self._parser.can_read(timeout)
  File "/home/iguanya/nurses/env/lib/python3.10/site-packages/redis/_parsers/hiredis.py", line 75, in can_read
    return self.read_from_socket(timeout=timeout, raise_on_timeout=False)
  File "/home/iguanya/nurses/env/lib/python3.10/site-packages/redis/_parsers/hiredis.py", line 86, in read_from_socket
    raise ConnectionError(SERVER_CLOSED_CONNECTION_ERROR)
redis.exceptions.ConnectionError: Connection closed by server.
Traceback (most recent call last):
  File "/home/iguanya/nurses/env/lib/python3.10/site-packages/redis/connection.py", line 276, in connect
    sock = self.retry.call_with_retry(
  File "/home/iguanya/nurses/env/lib/python3.10/site-packages/redis/retry.py", line 46, in call_with_retry
    return do()
  File "/home/iguanya/nurses/env/lib/python3.10/site-packages/redis/connection.py", line 277, in <lambda>
    lambda: self._connect(), lambda error: self.disconnect(error)
  File "/home/iguanya/nurses/env/lib/python3.10/site-packages/redis/connection.py", line 639, in _connect
    raise err
  File "/home/iguanya/nurses/env/lib/python3.10/site-packages/redis/connection.py", line 627, in _connect
    sock.connect(socket_address)
ConnectionRefusedError: [Errno 111] Connection refused

During handling of the above exception, another exception occurred:

Traceback (most recent call last):
  File "/usr/lib/python3.10/runpy.py", line 196, in _run_module_as_main
    return _run_code(code, main_globals, None,
  File "/usr/lib/python3.10/runpy.py", line 86, in _run_code
    exec(code, run_globals)
  File "/home/iguanya/nurses/apps/frappe/frappe/utils/bench_helper.py", line 128, in <module>
    main()
  File "/home/iguanya/nurses/apps/frappe/frappe/utils/bench_helper.py", line 34, in main
    FrappeCommandGroup(commands=commands)(prog_name="bench")
  File "/home/iguanya/nurses/env/lib/python3.10/site-packages/click/core.py", line 1157, in __call__
    return self.main(*args, **kwargs)
  File "/home/iguanya/nurses/env/lib/python3.10/site-packages/click/core.py", line 1078, in main
    rv = self.invoke(ctx)
  File "/home/iguanya/nurses/env/lib/python3.10/site-packages/click/core.py", line 1688, in invoke
    return _process_result(sub_ctx.command.invoke(sub_ctx))
  File "/home/iguanya/nurses/env/lib/python3.10/site-packages/click/core.py", line 1688, in invoke
    return _process_result(sub_ctx.command.invoke(sub_ctx))
  File "/home/iguanya/nurses/env/lib/python3.10/site-packages/click/core.py", line 1434, in invoke
    return ctx.invoke(self.callback, **ctx.params)
  File "/home/iguanya/nurses/env/lib/python3.10/site-packages/click/core.py", line 783, in invoke
    return __callback(*args, **kwargs)
  File "/home/iguanya/nurses/apps/frappe/frappe/commands/scheduler.py", line 202, in start_worker
    start_worker(
  File "/home/iguanya/nurses/apps/frappe/frappe/utils/background_jobs.py", line 305, in start_worker
    worker.work(
  File "/home/iguanya/nurses/env/lib/python3.10/site-packages/rq/worker.py", line 456, in work
    self.teardown()
  File "/home/iguanya/nurses/env/lib/python3.10/site-packages/rq/worker.py", line 1047, in teardown
    self.unsubscribe()
  File "/home/iguanya/nurses/env/lib/python3.10/site-packages/rq/worker.py", line 624, in unsubscribe
    self.pubsub.unsubscribe()
  File "/home/iguanya/nurses/env/lib/python3.10/site-packages/redis/client.py", line 952, in unsubscribe
    return self.execute_command("UNSUBSCRIBE", *args)
  File "/home/iguanya/nurses/env/lib/python3.10/site-packages/redis/client.py", line 768, in execute_command
    self._execute(connection, connection.send_command, *args, **kwargs)
  File "/home/iguanya/nurses/env/lib/python3.10/site-packages/redis/client.py", line 811, in _execute
    return conn.retry.call_with_retry(
  File "/home/iguanya/nurses/env/lib/python3.10/site-packages/redis/retry.py", line 49, in call_with_retry
    fail(error)
  File "/home/iguanya/nurses/env/lib/python3.10/site-packages/redis/client.py", line 813, in <lambda>
    lambda error: self._disconnect_raise_connect(conn, error),
  File "/home/iguanya/nurses/env/lib/python3.10/site-packages/redis/client.py", line 800, in _disconnect_raise_connect
    raise error
  File "/home/iguanya/nurses/env/lib/python3.10/site-packages/redis/retry.py", line 46, in call_with_retry
    return do()
  File "/home/iguanya/nurses/env/lib/python3.10/site-packages/redis/client.py", line 812, in <lambda>
    lambda: command(*args, **kwargs),
  File "/home/iguanya/nurses/env/lib/python3.10/site-packages/redis/connection.py", line 476, in send_command
    self.send_packed_command(
  File "/home/iguanya/nurses/env/lib/python3.10/site-packages/redis/connection.py", line 446, in send_packed_command
    self.connect()
  File "/home/iguanya/nurses/env/lib/python3.10/site-packages/redis/connection.py", line 282, in connect
    raise ConnectionError(self._error_message(e))
redis.exceptions.ConnectionError: Error 111 connecting to 127.0.0.1:11005. Connection refused.
/home/iguanya/nurses/env/lib/python3.10/site-packages/rq/connections.py:58: DeprecationWarning: The `push_connection` function is deprecated. Pass the `connection` explicitly instead.
  warnings.warn(
/home/iguanya/nurses/env/lib/python3.10/site-packages/rq/connections.py:72: DeprecationWarning: The `pop_connection` function is deprecated. Pass the `connection` explicitly instead.
  warnings.warn(
Exception in thread Thread-1:
Traceback (most recent call last):
  File "/usr/lib/python3.10/threading.py", line 1016, in _bootstrap_inner
    self.run()
  File "/home/iguanya/nurses/env/lib/python3.10/site-packages/redis/client.py", line 1162, in run
    pubsub.get_message(ignore_subscribe_messages=True, timeout=sleep_time)
  File "/home/iguanya/nurses/env/lib/python3.10/site-packages/redis/client.py", line 1024, in get_message
    response = self.parse_response(block=(timeout is None), timeout=timeout)
  File "/home/iguanya/nurses/env/lib/python3.10/site-packages/redis/client.py", line 835, in parse_response
    response = self._execute(conn, try_read)
  File "/home/iguanya/nurses/env/lib/python3.10/site-packages/redis/client.py", line 811, in _execute
    return conn.retry.call_with_retry(
  File "/home/iguanya/nurses/env/lib/python3.10/site-packages/redis/retry.py", line 49, in call_with_retry
    fail(error)
  File "/home/iguanya/nurses/env/lib/python3.10/site-packages/redis/client.py", line 813, in <lambda>
    lambda error: self._disconnect_raise_connect(conn, error),
  File "/home/iguanya/nurses/env/lib/python3.10/site-packages/redis/client.py", line 800, in _disconnect_raise_connect
    raise error
  File "/home/iguanya/nurses/env/lib/python3.10/site-packages/redis/retry.py", line 46, in call_with_retry
    return do()
  File "/home/iguanya/nurses/env/lib/python3.10/site-packages/redis/client.py", line 812, in <lambda>
    lambda: command(*args, **kwargs),
  File "/home/iguanya/nurses/env/lib/python3.10/site-packages/redis/client.py", line 829, in try_read
    if not conn.can_read(timeout=timeout):
  File "/home/iguanya/nurses/env/lib/python3.10/site-packages/redis/connection.py", line 490, in can_read
    return self._parser.can_read(timeout)
  File "/home/iguanya/nurses/env/lib/python3.10/site-packages/redis/_parsers/hiredis.py", line 75, in can_read
    return self.read_from_socket(timeout=timeout, raise_on_timeout=False)
  File "/home/iguanya/nurses/env/lib/python3.10/site-packages/redis/_parsers/hiredis.py", line 86, in read_from_socket
    raise ConnectionError(SERVER_CLOSED_CONNECTION_ERROR)
redis.exceptions.ConnectionError: Connection closed by server.
Traceback (most recent call last):
  File "/home/iguanya/nurses/env/lib/python3.10/site-packages/redis/connection.py", line 276, in connect
    sock = self.retry.call_with_retry(
  File "/home/iguanya/nurses/env/lib/python3.10/site-packages/redis/retry.py", line 46, in call_with_retry
    return do()
  File "/home/iguanya/nurses/env/lib/python3.10/site-packages/redis/connection.py", line 277, in <lambda>
    lambda: self._connect(), lambda error: self.disconnect(error)
  File "/home/iguanya/nurses/env/lib/python3.10/site-packages/redis/connection.py", line 639, in _connect
    raise err
  File "/home/iguanya/nurses/env/lib/python3.10/site-packages/redis/connection.py", line 627, in _connect
    sock.connect(socket_address)
ConnectionRefusedError: [Errno 111] Connection refused

During handling of the above exception, another exception occurred:

Traceback (most recent call last):
  File "/usr/lib/python3.10/runpy.py", line 196, in _run_module_as_main
    return _run_code(code, main_globals, None,
  File "/usr/lib/python3.10/runpy.py", line 86, in _run_code
    exec(code, run_globals)
  File "/home/iguanya/nurses/apps/frappe/frappe/utils/bench_helper.py", line 128, in <module>
    main()
  File "/home/iguanya/nurses/apps/frappe/frappe/utils/bench_helper.py", line 34, in main
    FrappeCommandGroup(commands=commands)(prog_name="bench")
  File "/home/iguanya/nurses/env/lib/python3.10/site-packages/click/core.py", line 1157, in __call__
    return self.main(*args, **kwargs)
  File "/home/iguanya/nurses/env/lib/python3.10/site-packages/click/core.py", line 1078, in main
    rv = self.invoke(ctx)
  File "/home/iguanya/nurses/env/lib/python3.10/site-packages/click/core.py", line 1688, in invoke
    return _process_result(sub_ctx.command.invoke(sub_ctx))
  File "/home/iguanya/nurses/env/lib/python3.10/site-packages/click/core.py", line 1688, in invoke
    return _process_result(sub_ctx.command.invoke(sub_ctx))
  File "/home/iguanya/nurses/env/lib/python3.10/site-packages/click/core.py", line 1434, in invoke
    return ctx.invoke(self.callback, **ctx.params)
  File "/home/iguanya/nurses/env/lib/python3.10/site-packages/click/core.py", line 783, in invoke
    return __callback(*args, **kwargs)
  File "/home/iguanya/nurses/apps/frappe/frappe/commands/scheduler.py", line 202, in start_worker
    start_worker(
  File "/home/iguanya/nurses/apps/frappe/frappe/utils/background_jobs.py", line 305, in start_worker
    worker.work(
  File "/home/iguanya/nurses/env/lib/python3.10/site-packages/rq/worker.py", line 456, in work
    self.teardown()
  File "/home/iguanya/nurses/env/lib/python3.10/site-packages/rq/worker.py", line 1047, in teardown
    self.unsubscribe()
  File "/home/iguanya/nurses/env/lib/python3.10/site-packages/rq/worker.py", line 624, in unsubscribe
    self.pubsub.unsubscribe()
  File "/home/iguanya/nurses/env/lib/python3.10/site-packages/redis/client.py", line 952, in unsubscribe
    return self.execute_command("UNSUBSCRIBE", *args)
  File "/home/iguanya/nurses/env/lib/python3.10/site-packages/redis/client.py", line 768, in execute_command
    self._execute(connection, connection.send_command, *args, **kwargs)
  File "/home/iguanya/nurses/env/lib/python3.10/site-packages/redis/client.py", line 811, in _execute
    return conn.retry.call_with_retry(
  File "/home/iguanya/nurses/env/lib/python3.10/site-packages/redis/retry.py", line 49, in call_with_retry
    fail(error)
  File "/home/iguanya/nurses/env/lib/python3.10/site-packages/redis/client.py", line 813, in <lambda>
    lambda error: self._disconnect_raise_connect(conn, error),
  File "/home/iguanya/nurses/env/lib/python3.10/site-packages/redis/client.py", line 800, in _disconnect_raise_connect
    raise error
  File "/home/iguanya/nurses/env/lib/python3.10/site-packages/redis/retry.py", line 46, in call_with_retry
    return do()
  File "/home/iguanya/nurses/env/lib/python3.10/site-packages/redis/client.py", line 812, in <lambda>
    lambda: command(*args, **kwargs),
  File "/home/iguanya/nurses/env/lib/python3.10/site-packages/redis/connection.py", line 476, in send_command
    self.send_packed_command(
  File "/home/iguanya/nurses/env/lib/python3.10/site-packages/redis/connection.py", line 446, in send_packed_command
    self.connect()
  File "/home/iguanya/nurses/env/lib/python3.10/site-packages/redis/connection.py", line 282, in connect
    raise ConnectionError(self._error_message(e))
redis.exceptions.ConnectionError: Error 111 connecting to 127.0.0.1:11005. Connection refused.
/home/iguanya/nurses/env/lib/python3.10/site-packages/rq/connections.py:58: DeprecationWarning: The `push_connection` function is deprecated. Pass the `connection` explicitly instead.
  warnings.warn(
/home/iguanya/nurses/env/lib/python3.10/site-packages/rq/connections.py:72: DeprecationWarning: The `pop_connection` function is deprecated. Pass the `connection` explicitly instead.
  warnings.warn(
Traceback (most recent call last):
  File "/home/iguanya/nurses/env/lib/python3.10/site-packages/redis/connection.py", line 512, in read_response
    Exception in thread response = self._parser.read_response(disable_decoding=disable_decoding)
Thread-1:
Traceback (most recent call last):
  File "/usr/lib/python3.10/threading.py", line 1016, in _bootstrap_inner
  File "/home/iguanya/nurses/env/lib/python3.10/site-packages/redis/_parsers/hiredis.py", line 124, in read_response
    self.run()
  File "/home/iguanya/nurses/env/lib/python3.10/site-packages/redis/client.py", line 1162, in run
        pubsub.get_message(ignore_subscribe_messages=True, timeout=sleep_time)
  File "/home/iguanya/nurses/env/lib/python3.10/site-packages/redis/client.py", line 1024, in get_message
self.read_from_socket()
  File "/home/iguanya/nurses/env/lib/python3.10/site-packages/redis/_parsers/hiredis.py", line 84, in read_from_socket
    bufflen = self._sock.recv_into(self._buffer)
ConnectionResetError: [Errno 104] Connection reset by peer

During handling of the above exception, another exception occurred:

Traceback (most recent call last):
  File "/usr/lib/python3.10/runpy.py", line 196, in _run_module_as_main
    response = self.parse_response(block=(timeout is None), timeout=timeout)
  File "/home/iguanya/nurses/env/lib/python3.10/site-packages/redis/client.py", line 835, in parse_response
        return _run_code(code, main_globals, None,
  File "/usr/lib/python3.10/runpy.py", line 86, in _run_code
    exec(code, run_globals)
  File "/home/iguanya/nurses/apps/frappe/frappe/utils/bench_helper.py", line 128, in <module>
    main()
  File "/home/iguanya/nurses/apps/frappe/frappe/utils/bench_helper.py", line 34, in main
response = self._execute(conn, try_read)
  File "/home/iguanya/nurses/env/lib/python3.10/site-packages/redis/client.py", line 811, in _execute
    FrappeCommandGroup(commands=commands)(prog_name="bench")
  File "/home/iguanya/nurses/env/lib/python3.10/site-packages/click/core.py", line 1157, in __call__
    return conn.retry.call_with_retry(    return self.main(*args, **kwargs)
  File "/home/iguanya/nurses/env/lib/python3.10/site-packages/redis/retry.py", line 49, in call_with_retry

    fail(error)  File "/home/iguanya/nurses/env/lib/python3.10/site-packages/click/core.py", line 1078, in main

    rv = self.invoke(ctx)  File "/home/iguanya/nurses/env/lib/python3.10/site-packages/redis/client.py", line 813, in <lambda>
    lambda error: self._disconnect_raise_connect(conn, error),
  File "/home/iguanya/nurses/env/lib/python3.10/site-packages/redis/client.py", line 800, in _disconnect_raise_connect

  File "/home/iguanya/nurses/env/lib/python3.10/site-packages/click/core.py", line 1688, in invoke
        raise error
  File "/home/iguanya/nurses/env/lib/python3.10/site-packages/redis/retry.py", line 46, in call_with_retry
    return do()
  File "/home/iguanya/nurses/env/lib/python3.10/site-packages/redis/client.py", line 812, in <lambda>
    return _process_result(sub_ctx.command.invoke(sub_ctx))
  File "/home/iguanya/nurses/env/lib/python3.10/site-packages/click/core.py", line 1688, in invoke
    lambda: command(*args, **kwargs),
  File "/home/iguanya/nurses/env/lib/python3.10/site-packages/redis/client.py", line 829, in try_read
    return _process_result(sub_ctx.command.invoke(sub_ctx))
if not conn.can_read(timeout=timeout):
  File "/home/iguanya/nurses/env/lib/python3.10/site-packages/click/core.py", line 1434, in invoke
      File "/home/iguanya/nurses/env/lib/python3.10/site-packages/redis/connection.py", line 490, in can_read
    return self._parser.can_read(timeout)
  File "/home/iguanya/nurses/env/lib/python3.10/site-packages/redis/_parsers/hiredis.py", line 75, in can_read
    return self.read_from_socket(timeout=timeout, raise_on_timeout=False)
  File "/home/iguanya/nurses/env/lib/python3.10/site-packages/redis/_parsers/hiredis.py", line 86, in read_from_socket
    raise ConnectionError(SERVER_CLOSED_CONNECTION_ERROR)
redis.exceptionsreturn ctx.invoke(self.callback, **ctx.params)
.ConnectionError  File "/home/iguanya/nurses/env/lib/python3.10/site-packages/click/core.py", line 783, in invoke
:     return __callback(*args, **kwargs)
  File "/home/iguanya/nurses/apps/frappe/frappe/commands/scheduler.py", line 202, in start_worker
Connection closed by server.    start_worker(
  File "/home/iguanya/nurses/apps/frappe/frappe/utils/background_jobs.py", line 305, in start_worker

    worker.work(
  File "/home/iguanya/nurses/env/lib/python3.10/site-packages/rq/worker.py", line 456, in work
    self.teardown()
  File "/home/iguanya/nurses/env/lib/python3.10/site-packages/rq/worker.py", line 1046, in teardown
    self.register_death()
  File "/home/iguanya/nurses/env/lib/python3.10/site-packages/rq/worker.py", line 832, in register_death
    p.execute()
  File "/home/iguanya/nurses/env/lib/python3.10/site-packages/redis/client.py", line 1492, in execute
    conn = self.connection_pool.get_connection("MULTI", self.shard_hint)
  File "/home/iguanya/nurses/env/lib/python3.10/site-packages/redis/connection.py", line 1104, in get_connection
    connection.connect()
  File "/home/iguanya/nurses/env/lib/python3.10/site-packages/redis/connection.py", line 288, in connect
    self.on_connect()
  File "/home/iguanya/nurses/env/lib/python3.10/site-packages/redis/connection.py", line 391, in on_connect
    self.read_response()
  File "/home/iguanya/nurses/env/lib/python3.10/site-packages/redis/connection.py", line 520, in read_response
    raise ConnectionError(
redis.exceptions.ConnectionError: Error while reading from 127.0.0.1:11005 : (104, 'Connection reset by peer')
/home/iguanya/nurses/env/lib/python3.10/site-packages/rq/connections.py:58: DeprecationWarning: The `push_connection` function is deprecated. Pass the `connection` explicitly instead.
  warnings.warn(
/home/iguanya/nurses/env/lib/python3.10/site-packages/rq/connections.py:72: DeprecationWarning: The `pop_connection` function is deprecated. Pass the `connection` explicitly instead.
  warnings.warn(
/home/iguanya/nurses/env/lib/python3.10/site-packages/rq/connections.py:58: DeprecationWarning: The `push_connection` function is deprecated. Pass the `connection` explicitly instead.
  warnings.warn(
/home/iguanya/nurses/env/lib/python3.10/site-packages/rq/connections.py:72: DeprecationWarning: The `pop_connection` function is deprecated. Pass the `connection` explicitly instead.
  warnings.warn(
/home/iguanya/nurses/env/lib/python3.10/site-packages/rq/connections.py:58: DeprecationWarning: The `push_connection` function is deprecated. Pass the `connection` explicitly instead.
  warnings.warn(
/home/iguanya/nurses/env/lib/python3.10/site-packages/rq/connections.py:72: DeprecationWarning: The `pop_connection` function is deprecated. Pass the `connection` explicitly instead.
  warnings.warn(
/home/iguanya/nurses/env/lib/python3.10/site-packages/rq/connections.py:58: DeprecationWarning: The `push_connection` function is deprecated. Pass the `connection` explicitly instead.
  warnings.warn(
/home/iguanya/nurses/env/lib/python3.10/site-packages/rq/connections.py:72: DeprecationWarning: The `pop_connection` function is deprecated. Pass the `connection` explicitly instead.
  warnings.warn(
Traceback (most recent call last):
  File "/home/iguanya/nurses/env/lib/python3.10/site-packages/redis/connection.py", line 512, in read_response
    response = self._parser.read_response(disable_decoding=disable_decoding)
  File "/home/iguanya/nurses/env/lib/python3.10/site-packages/redis/_parsers/hiredis.py", line 124, in read_response
    self.read_from_socket()
  File "/home/iguanya/nurses/env/lib/python3.10/site-packages/redis/_parsers/hiredis.py", line 84, in read_from_socket
    bufflen = self._sock.recv_into(self._buffer)
ConnectionResetError: [Errno 104] Connection reset by peer

During handling of the above exception, another exception occurred:

Traceback (most recent call last):
  File "/usr/lib/python3.10/runpy.py", line 196, in _run_module_as_main
    return _run_code(code, main_globals, None,
  File "/usr/lib/python3.10/runpy.py", line 86, in _run_code
    exec(code, run_globals)
  File "/home/iguanya/nurses/apps/frappe/frappe/utils/bench_helper.py", line 128, in <module>
    main()
  File "/home/iguanya/nurses/apps/frappe/frappe/utils/bench_helper.py", line 34, in main
    FrappeCommandGroup(commands=commands)(prog_name="bench")
  File "/home/iguanya/nurses/env/lib/python3.10/site-packages/click/core.py", line 1157, in __call__
    return self.main(*args, **kwargs)
  File "/home/iguanya/nurses/env/lib/python3.10/site-packages/click/core.py", line 1078, in main
    rv = self.invoke(ctx)
  File "/home/iguanya/nurses/env/lib/python3.10/site-packages/click/core.py", line 1688, in invoke
    return _process_result(sub_ctx.command.invoke(sub_ctx))
  File "/home/iguanya/nurses/env/lib/python3.10/site-packages/click/core.py", line 1688, in invoke
    return _process_result(sub_ctx.command.invoke(sub_ctx))
  File "/home/iguanya/nurses/env/lib/python3.10/site-packages/click/core.py", line 1434, in invoke
    return ctx.invoke(self.callback, **ctx.params)
  File "/home/iguanya/nurses/env/lib/python3.10/site-packages/click/core.py", line 783, in invoke
    return __callback(*args, **kwargs)
  File "/home/iguanya/nurses/apps/frappe/frappe/commands/scheduler.py", line 202, in start_worker
    start_worker(
  File "/home/iguanya/nurses/apps/frappe/frappe/utils/background_jobs.py", line 305, in start_worker
    worker.work(
  File "/home/iguanya/nurses/env/lib/python3.10/site-packages/rq/worker.py", line 456, in work
    self.teardown()
  File "/home/iguanya/nurses/env/lib/python3.10/site-packages/rq/worker.py", line 1046, in teardown
    self.register_death()
  File "/home/iguanya/nurses/env/lib/python3.10/site-packages/rq/worker.py", line 832, in register_death
    p.execute()
  File "/home/iguanya/nurses/env/lib/python3.10/site-packages/redis/client.py", line 1492, in execute
    conn = self.connection_pool.get_connection("MULTI", self.shard_hint)
  File "/home/iguanya/nurses/env/lib/python3.10/site-packages/redis/connection.py", line 1104, in get_connection
    connection.connect()
  File "/home/iguanya/nurses/env/lib/python3.10/site-packages/redis/connection.py", line 288, in connect
    self.on_connect()
  File "/home/iguanya/nurses/env/lib/python3.10/site-packages/redis/connection.py", line 391, in on_connect
    self.read_response()
  File "/home/iguanya/nurses/env/lib/python3.10/site-packages/redis/connection.py", line 520, in read_response
    raise ConnectionError(
redis.exceptions.ConnectionError: Error while reading from 127.0.0.1:11005 : (104, 'Connection reset by peer')
/home/iguanya/nurses/env/lib/python3.10/site-packages/rq/connections.py:58: DeprecationWarning: The `push_connection` function is deprecated. Pass the `connection` explicitly instead.
  warnings.warn(
/home/iguanya/nurses/env/lib/python3.10/site-packages/rq/connections.py:72: DeprecationWarning: The `pop_connection` function is deprecated. Pass the `connection` explicitly instead.
  warnings.warn(
/home/iguanya/nurses/env/lib/python3.10/site-packages/rq/connections.py:58: DeprecationWarning: The `push_connection` function is deprecated. Pass the `connection` explicitly instead.
  warnings.warn(
/home/iguanya/nurses/env/lib/python3.10/site-packages/rq/connections.py:72: DeprecationWarning: The `pop_connection` function is deprecated. Pass the `connection` explicitly instead.
  warnings.warn(
/home/iguanya/nurses/env/lib/python3.10/site-packages/rq/connections.py:58: DeprecationWarning: The `push_connection` function is deprecated. Pass the `connection` explicitly instead.
  warnings.warn(
/home/iguanya/nurses/env/lib/python3.10/site-packages/rq/connections.py:72: DeprecationWarning: The `pop_connection` function is deprecated. Pass the `connection` explicitly instead.
  warnings.warn(
/home/iguanya/nurses/env/lib/python3.10/site-packages/rq/connections.py:58: DeprecationWarning: The `push_connection` function is deprecated. Pass the `connection` explicitly instead.
  warnings.warn(
/home/iguanya/nurses/env/lib/python3.10/site-packages/googleapiclient/model.py:30: DeprecationWarning: pkg_resources is deprecated as an API. See https://setuptools.pypa.io/en/latest/pkg_resources.html
  import pkg_resources
/home/iguanya/nurses/env/lib/python3.10/site-packages/pkg_resources/__init__.py:2846: DeprecationWarning: Deprecated call to `pkg_resources.declare_namespace('google')`.
Implementing implicit namespace packages (as specified in PEP 420) is preferred to `pkg_resources.declare_namespace`. See https://setuptools.pypa.io/en/latest/references/keywords.html#keyword-namespace-packages
  declare_namespace(pkg)
/home/iguanya/nurses/env/lib/python3.10/site-packages/pkg_resources/__init__.py:2846: DeprecationWarning: Deprecated call to `pkg_resources.declare_namespace('google')`.
Implementing implicit namespace packages (as specified in PEP 420) is preferred to `pkg_resources.declare_namespace`. See https://setuptools.pypa.io/en/latest/references/keywords.html#keyword-namespace-packages
  declare_namespace(pkg)
/home/iguanya/nurses/env/lib/python3.10/site-packages/pkg_resources/__init__.py:2846: DeprecationWarning: Deprecated call to `pkg_resources.declare_namespace('google')`.
Implementing implicit namespace packages (as specified in PEP 420) is preferred to `pkg_resources.declare_namespace`. See https://setuptools.pypa.io/en/latest/references/keywords.html#keyword-namespace-packages
  declare_namespace(pkg)
/home/iguanya/nurses/env/lib/python3.10/site-packages/rq/connections.py:72: DeprecationWarning: The `pop_connection` function is deprecated. Pass the `connection` explicitly instead.
  warnings.warn(
/home/iguanya/nurses/env/lib/python3.10/site-packages/rq/connections.py:58: DeprecationWarning: The `push_connection` function is deprecated. Pass the `connection` explicitly instead.
  warnings.warn(
/home/iguanya/nurses/env/lib/python3.10/site-packages/rq/connections.py:72: DeprecationWarning: The `pop_connection` function is deprecated. Pass the `connection` explicitly instead.
  warnings.warn(
/home/iguanya/nurses/env/lib/python3.10/site-packages/rq/connections.py:58: DeprecationWarning: The `push_connection` function is deprecated. Pass the `connection` explicitly instead.
  warnings.warn(
/home/iguanya/nurses/env/lib/python3.10/site-packages/rq/connections.py:72: DeprecationWarning: The `pop_connection` function is deprecated. Pass the `connection` explicitly instead.
  warnings.warn(
/home/iguanya/nurses/env/lib/python3.10/site-packages/rq/connections.py:58: DeprecationWarning: The `push_connection` function is deprecated. Pass the `connection` explicitly instead.
  warnings.warn(
/home/iguanya/nurses/env/lib/python3.10/site-packages/rq/connections.py:72: DeprecationWarning: The `pop_connection` function is deprecated. Pass the `connection` explicitly instead.
  warnings.warn(
/home/iguanya/nurses/env/lib/python3.10/site-packages/rq/connections.py:58: DeprecationWarning: The `push_connection` function is deprecated. Pass the `connection` explicitly instead.
  warnings.warn(
/home/iguanya/nurses/env/lib/python3.10/site-packages/rq/connections.py:72: DeprecationWarning: The `pop_connection` function is deprecated. Pass the `connection` explicitly instead.
  warnings.warn(
/home/iguanya/nurses/env/lib/python3.10/site-packages/rq/connections.py:58: DeprecationWarning: The `push_connection` function is deprecated. Pass the `connection` explicitly instead.
  warnings.warn(
/home/iguanya/nurses/env/lib/python3.10/site-packages/rq/connections.py:72: DeprecationWarning: The `pop_connection` function is deprecated. Pass the `connection` explicitly instead.
  warnings.warn(
/home/iguanya/nurses/env/lib/python3.10/site-packages/rq/connections.py:58: DeprecationWarning: The `push_connection` function is deprecated. Pass the `connection` explicitly instead.
  warnings.warn(
/home/iguanya/nurses/env/lib/python3.10/site-packages/rq/connections.py:72: DeprecationWarning: The `pop_connection` function is deprecated. Pass the `connection` explicitly instead.
  warnings.warn(
/home/iguanya/nurses/env/lib/python3.10/site-packages/rq/connections.py:58: DeprecationWarning: The `push_connection` function is deprecated. Pass the `connection` explicitly instead.
  warnings.warn(
/home/iguanya/nurses/env/lib/python3.10/site-packages/rq/connections.py:72: DeprecationWarning: The `pop_connection` function is deprecated. Pass the `connection` explicitly instead.
  warnings.warn(
/home/iguanya/nurses/env/lib/python3.10/site-packages/rq/connections.py:58: DeprecationWarning: The `push_connection` function is deprecated. Pass the `connection` explicitly instead.
  warnings.warn(
/home/iguanya/nurses/env/lib/python3.10/site-packages/rq/connections.py:72: DeprecationWarning: The `pop_connection` function is deprecated. Pass the `connection` explicitly instead.
  warnings.warn(
/home/iguanya/nurses/env/lib/python3.10/site-packages/rq/connections.py:58: DeprecationWarning: The `push_connection` function is deprecated. Pass the `connection` explicitly instead.
  warnings.warn(
/home/iguanya/nurses/env/lib/python3.10/site-packages/rq/connections.py:72: DeprecationWarning: The `pop_connection` function is deprecated. Pass the `connection` explicitly instead.
  warnings.warn(
/home/iguanya/nurses/env/lib/python3.10/site-packages/rq/connections.py:58: DeprecationWarning: The `push_connection` function is deprecated. Pass the `connection` explicitly instead.
  warnings.warn(
/home/iguanya/nurses/env/lib/python3.10/site-packages/rq/connections.py:72: DeprecationWarning: The `pop_connection` function is deprecated. Pass the `connection` explicitly instead.
  warnings.warn(
/home/iguanya/nurses/env/lib/python3.10/site-packages/rq/connections.py:58: DeprecationWarning: The `push_connection` function is deprecated. Pass the `connection` explicitly instead.
  warnings.warn(
/home/iguanya/nurses/env/lib/python3.10/site-packages/rq/connections.py:72: DeprecationWarning: The `pop_connection` function is deprecated. Pass the `connection` explicitly instead.
  warnings.warn(
/home/iguanya/nurses/env/lib/python3.10/site-packages/rq/connections.py:58: DeprecationWarning: The `push_connection` function is deprecated. Pass the `connection` explicitly instead.
  warnings.warn(
/home/iguanya/nurses/env/lib/python3.10/site-packages/rq/connections.py:72: DeprecationWarning: The `pop_connection` function is deprecated. Pass the `connection` explicitly instead.
  warnings.warn(
/home/iguanya/nurses/env/lib/python3.10/site-packages/rq/connections.py:58: DeprecationWarning: The `push_connection` function is deprecated. Pass the `connection` explicitly instead.
  warnings.warn(
/home/iguanya/nurses/env/lib/python3.10/site-packages/rq/connections.py:72: DeprecationWarning: The `pop_connection` function is deprecated. Pass the `connection` explicitly instead.
  warnings.warn(
/home/iguanya/nurses/env/lib/python3.10/site-packages/rq/connections.py:58: DeprecationWarning: The `push_connection` function is deprecated. Pass the `connection` explicitly instead.
  warnings.warn(
/home/iguanya/nurses/env/lib/python3.10/site-packages/rq/connections.py:72: DeprecationWarning: The `pop_connection` function is deprecated. Pass the `connection` explicitly instead.
  warnings.warn(
/home/iguanya/nurses/env/lib/python3.10/site-packages/rq/connections.py:58: DeprecationWarning: The `push_connection` function is deprecated. Pass the `connection` explicitly instead.
  warnings.warn(
/home/iguanya/nurses/env/lib/python3.10/site-packages/rq/connections.py:72: DeprecationWarning: The `pop_connection` function is deprecated. Pass the `connection` explicitly instead.
  warnings.warn(
/home/iguanya/nurses/env/lib/python3.10/site-packages/rq/connections.py:58: DeprecationWarning: The `push_connection` function is deprecated. Pass the `connection` explicitly instead.
  warnings.warn(
/home/iguanya/nurses/env/lib/python3.10/site-packages/rq/connections.py:72: DeprecationWarning: The `pop_connection` function is deprecated. Pass the `connection` explicitly instead.
  warnings.warn(
/home/iguanya/nurses/env/lib/python3.10/site-packages/rq/connections.py:58: DeprecationWarning: The `push_connection` function is deprecated. Pass the `connection` explicitly instead.
  warnings.warn(
/home/iguanya/nurses/env/lib/python3.10/site-packages/rq/connections.py:72: DeprecationWarning: The `pop_connection` function is deprecated. Pass the `connection` explicitly instead.
  warnings.warn(
/home/iguanya/nurses/env/lib/python3.10/site-packages/rq/connections.py:58: DeprecationWarning: The `push_connection` function is deprecated. Pass the `connection` explicitly instead.
  warnings.warn(
/home/iguanya/nurses/env/lib/python3.10/site-packages/rq/connections.py:72: DeprecationWarning: The `pop_connection` function is deprecated. Pass the `connection` explicitly instead.
  warnings.warn(
/home/iguanya/nurses/env/lib/python3.10/site-packages/rq/connections.py:58: DeprecationWarning: The `push_connection` function is deprecated. Pass the `connection` explicitly instead.
  warnings.warn(
/home/iguanya/nurses/env/lib/python3.10/site-packages/rq/connections.py:72: DeprecationWarning: The `pop_connection` function is deprecated. Pass the `connection` explicitly instead.
  warnings.warn(
/home/iguanya/nurses/env/lib/python3.10/site-packages/rq/connections.py:58: DeprecationWarning: The `push_connection` function is deprecated. Pass the `connection` explicitly instead.
  warnings.warn(
/home/iguanya/nurses/env/lib/python3.10/site-packages/rq/connections.py:72: DeprecationWarning: The `pop_connection` function is deprecated. Pass the `connection` explicitly instead.
  warnings.warn(
/home/iguanya/nurses/env/lib/python3.10/site-packages/rq/connections.py:58: DeprecationWarning: The `push_connection` function is deprecated. Pass the `connection` explicitly instead.
  warnings.warn(
/home/iguanya/nurses/env/lib/python3.10/site-packages/rq/connections.py:72: DeprecationWarning: The `pop_connection` function is deprecated. Pass the `connection` explicitly instead.
  warnings.warn(
/home/iguanya/nurses/env/lib/python3.10/site-packages/rq/connections.py:58: DeprecationWarning: The `push_connection` function is deprecated. Pass the `connection` explicitly instead.
  warnings.warn(
/home/iguanya/nurses/env/lib/python3.10/site-packages/rq/connections.py:72: DeprecationWarning: The `pop_connection` function is deprecated. Pass the `connection` explicitly instead.
  warnings.warn(
/home/iguanya/nurses/env/lib/python3.10/site-packages/rq/connections.py:58: DeprecationWarning: The `push_connection` function is deprecated. Pass the `connection` explicitly instead.
  warnings.warn(
/home/iguanya/nurses/env/lib/python3.10/site-packages/rq/connections.py:72: DeprecationWarning: The `pop_connection` function is deprecated. Pass the `connection` explicitly instead.
  warnings.warn(
/home/iguanya/nurses/env/lib/python3.10/site-packages/rq/connections.py:58: DeprecationWarning: The `push_connection` function is deprecated. Pass the `connection` explicitly instead.
  warnings.warn(
/home/iguanya/nurses/env/lib/python3.10/site-packages/rq/connections.py:72: DeprecationWarning: The `pop_connection` function is deprecated. Pass the `connection` explicitly instead.
  warnings.warn(
/home/iguanya/nurses/env/lib/python3.10/site-packages/rq/connections.py:58: DeprecationWarning: The `push_connection` function is deprecated. Pass the `connection` explicitly instead.
  warnings.warn(
/home/iguanya/nurses/env/lib/python3.10/site-packages/rq/connections.py:72: DeprecationWarning: The `pop_connection` function is deprecated. Pass the `connection` explicitly instead.
  warnings.warn(
/home/iguanya/nurses/env/lib/python3.10/site-packages/rq/connections.py:58: DeprecationWarning: The `push_connection` function is deprecated. Pass the `connection` explicitly instead.
  warnings.warn(
/home/iguanya/nurses/env/lib/python3.10/site-packages/rq/connections.py:72: DeprecationWarning: The `pop_connection` function is deprecated. Pass the `connection` explicitly instead.
  warnings.warn(
/home/iguanya/nurses/env/lib/python3.10/site-packages/rq/connections.py:58: DeprecationWarning: The `push_connection` function is deprecated. Pass the `connection` explicitly instead.
  warnings.warn(
/home/iguanya/nurses/env/lib/python3.10/site-packages/rq/connections.py:72: DeprecationWarning: The `pop_connection` function is deprecated. Pass the `connection` explicitly instead.
  warnings.warn(
/home/iguanya/nurses/env/lib/python3.10/site-packages/rq/connections.py:58: DeprecationWarning: The `push_connection` function is deprecated. Pass the `connection` explicitly instead.
  warnings.warn(
/home/iguanya/nurses/env/lib/python3.10/site-packages/rq/connections.py:72: DeprecationWarning: The `pop_connection` function is deprecated. Pass the `connection` explicitly instead.
  warnings.warn(
/home/iguanya/nurses/env/lib/python3.10/site-packages/rq/connections.py:58: DeprecationWarning: The `push_connection` function is deprecated. Pass the `connection` explicitly instead.
  warnings.warn(
/home/iguanya/nurses/env/lib/python3.10/site-packages/rq/connections.py:72: DeprecationWarning: The `pop_connection` function is deprecated. Pass the `connection` explicitly instead.
  warnings.warn(
/home/iguanya/nurses/env/lib/python3.10/site-packages/rq/connections.py:58: DeprecationWarning: The `push_connection` function is deprecated. Pass the `connection` explicitly instead.
  warnings.warn(
/home/iguanya/nurses/env/lib/python3.10/site-packages/rq/connections.py:72: DeprecationWarning: The `pop_connection` function is deprecated. Pass the `connection` explicitly instead.
  warnings.warn(
/home/iguanya/nurses/env/lib/python3.10/site-packages/rq/connections.py:58: DeprecationWarning: The `push_connection` function is deprecated. Pass the `connection` explicitly instead.
  warnings.warn(
/home/iguanya/nurses/env/lib/python3.10/site-packages/rq/connections.py:72: DeprecationWarning: The `pop_connection` function is deprecated. Pass the `connection` explicitly instead.
  warnings.warn(
/home/iguanya/nurses/env/lib/python3.10/site-packages/rq/connections.py:58: DeprecationWarning: The `push_connection` function is deprecated. Pass the `connection` explicitly instead.
  warnings.warn(
/home/iguanya/nurses/env/lib/python3.10/site-packages/rq/connections.py:72: DeprecationWarning: The `pop_connection` function is deprecated. Pass the `connection` explicitly instead.
  warnings.warn(
/home/iguanya/nurses/env/lib/python3.10/site-packages/rq/connections.py:58: DeprecationWarning: The `push_connection` function is deprecated. Pass the `connection` explicitly instead.
  warnings.warn(
/home/iguanya/nurses/env/lib/python3.10/site-packages/rq/connections.py:72: DeprecationWarning: The `pop_connection` function is deprecated. Pass the `connection` explicitly instead.
  warnings.warn(
/home/iguanya/nurses/env/lib/python3.10/site-packages/rq/connections.py:58: DeprecationWarning: The `push_connection` function is deprecated. Pass the `connection` explicitly instead.
  warnings.warn(
/home/iguanya/nurses/env/lib/python3.10/site-packages/rq/connections.py:72: DeprecationWarning: The `pop_connection` function is deprecated. Pass the `connection` explicitly instead.
  warnings.warn(
/home/iguanya/nurses/env/lib/python3.10/site-packages/rq/connections.py:58: DeprecationWarning: The `push_connection` function is deprecated. Pass the `connection` explicitly instead.
  warnings.warn(
/home/iguanya/nurses/env/lib/python3.10/site-packages/rq/connections.py:72: DeprecationWarning: The `pop_connection` function is deprecated. Pass the `connection` explicitly instead.
  warnings.warn(
/home/iguanya/nurses/env/lib/python3.10/site-packages/rq/connections.py:58: DeprecationWarning: The `push_connection` function is deprecated. Pass the `connection` explicitly instead.
  warnings.warn(
/home/iguanya/nurses/env/lib/python3.10/site-packages/rq/connections.py:72: DeprecationWarning: The `pop_connection` function is deprecated. Pass the `connection` explicitly instead.
  warnings.warn(
/home/iguanya/nurses/env/lib/python3.10/site-packages/rq/connections.py:58: DeprecationWarning: The `push_connection` function is deprecated. Pass the `connection` explicitly instead.
  warnings.warn(
/home/iguanya/nurses/env/lib/python3.10/site-packages/rq/connections.py:72: DeprecationWarning: The `pop_connection` function is deprecated. Pass the `connection` explicitly instead.
  warnings.warn(
/home/iguanya/nurses/env/lib/python3.10/site-packages/rq/connections.py:58: DeprecationWarning: The `push_connection` function is deprecated. Pass the `connection` explicitly instead.
  warnings.warn(
/home/iguanya/nurses/env/lib/python3.10/site-packages/rq/connections.py:72: DeprecationWarning: The `pop_connection` function is deprecated. Pass the `connection` explicitly instead.
  warnings.warn(
/home/iguanya/nurses/env/lib/python3.10/site-packages/rq/connections.py:58: DeprecationWarning: The `push_connection` function is deprecated. Pass the `connection` explicitly instead.
  warnings.warn(
/home/iguanya/nurses/env/lib/python3.10/site-packages/rq/connections.py:72: DeprecationWarning: The `pop_connection` function is deprecated. Pass the `connection` explicitly instead.
  warnings.warn(
/home/iguanya/nurses/env/lib/python3.10/site-packages/rq/connections.py:58: DeprecationWarning: The `push_connection` function is deprecated. Pass the `connection` explicitly instead.
  warnings.warn(
/home/iguanya/nurses/env/lib/python3.10/site-packages/rq/connections.py:72: DeprecationWarning: The `pop_connection` function is deprecated. Pass the `connection` explicitly instead.
  warnings.warn(
/home/iguanya/nurses/env/lib/python3.10/site-packages/rq/connections.py:58: DeprecationWarning: The `push_connection` function is deprecated. Pass the `connection` explicitly instead.
  warnings.warn(
/home/iguanya/nurses/env/lib/python3.10/site-packages/rq/connections.py:72: DeprecationWarning: The `pop_connection` function is deprecated. Pass the `connection` explicitly instead.
  warnings.warn(
/home/iguanya/nurses/env/lib/python3.10/site-packages/rq/connections.py:58: DeprecationWarning: The `push_connection` function is deprecated. Pass the `connection` explicitly instead.
  warnings.warn(
/home/iguanya/nurses/env/lib/python3.10/site-packages/rq/connections.py:72: DeprecationWarning: The `pop_connection` function is deprecated. Pass the `connection` explicitly instead.
  warnings.warn(
/home/iguanya/nurses/env/lib/python3.10/site-packages/rq/connections.py:58: DeprecationWarning: The `push_connection` function is deprecated. Pass the `connection` explicitly instead.
  warnings.warn(
/home/iguanya/nurses/env/lib/python3.10/site-packages/rq/connections.py:72: DeprecationWarning: The `pop_connection` function is deprecated. Pass the `connection` explicitly instead.
  warnings.warn(
/home/iguanya/nurses/env/lib/python3.10/site-packages/rq/connections.py:58: DeprecationWarning: The `push_connection` function is deprecated. Pass the `connection` explicitly instead.
  warnings.warn(
Exception in thread Thread-1:
Traceback (most recent call last):
  File "/usr/lib/python3.10/threading.py", line 1016, in _bootstrap_inner
    self.run()
  File "/home/iguanya/nurses/env/lib/python3.10/site-packages/redis/client.py", line 1162, in run
    pubsub.get_message(ignore_subscribe_messages=True, timeout=sleep_time)
  File "/home/iguanya/nurses/env/lib/python3.10/site-packages/redis/client.py", line 1024, in get_message
    response = self.parse_response(block=(timeout is None), timeout=timeout)
  File "/home/iguanya/nurses/env/lib/python3.10/site-packages/redis/client.py", line 835, in parse_response
    response = self._execute(conn, try_read)
  File "/home/iguanya/nurses/env/lib/python3.10/site-packages/redis/client.py", line 811, in _execute
    return conn.retry.call_with_retry(
  File "/home/iguanya/nurses/env/lib/python3.10/site-packages/redis/retry.py", line 49, in call_with_retry
    fail(error)
  File "/home/iguanya/nurses/env/lib/python3.10/site-packages/redis/client.py", line 813, in <lambda>
    lambda error: self._disconnect_raise_connect(conn, error),
  File "/home/iguanya/nurses/env/lib/python3.10/site-packages/redis/client.py", line 800, in _disconnect_raise_connect
    raise error
  File "/home/iguanya/nurses/env/lib/python3.10/site-packages/redis/retry.py", line 46, in call_with_retry
    return do()
  File "/home/iguanya/nurses/env/lib/python3.10/site-packages/redis/client.py", line 812, in <lambda>
    lambda: command(*args, **kwargs),
  File "/home/iguanya/nurses/env/lib/python3.10/site-packages/redis/client.py", line 829, in try_read
    if not conn.can_read(timeout=timeout):
  File "/home/iguanya/nurses/env/lib/python3.10/site-packages/redis/connection.py", line 490, in can_read
    return self._parser.can_read(timeout)
  File "/home/iguanya/nurses/env/lib/python3.10/site-packages/redis/_parsers/hiredis.py", line 75, in can_read
    return self.read_from_socket(timeout=timeout, raise_on_timeout=False)
  File "/home/iguanya/nurses/env/lib/python3.10/site-packages/redis/_parsers/hiredis.py", line 86, in read_from_socket
    raise ConnectionError(SERVER_CLOSED_CONNECTION_ERROR)
redis.exceptions.ConnectionError: Connection closed by server.
/home/iguanya/nurses/env/lib/python3.10/site-packages/rq/connections.py:72: DeprecationWarning: The `pop_connection` function is deprecated. Pass the `connection` explicitly instead.
  warnings.warn(
/home/iguanya/nurses/env/lib/python3.10/site-packages/rq/connections.py:58: DeprecationWarning: The `push_connection` function is deprecated. Pass the `connection` explicitly instead.
  warnings.warn(
/home/iguanya/nurses/env/lib/python3.10/site-packages/rq/connections.py:72: DeprecationWarning: The `pop_connection` function is deprecated. Pass the `connection` explicitly instead.
  warnings.warn(
/home/iguanya/nurses/env/lib/python3.10/site-packages/rq/connections.py:58: DeprecationWarning: The `push_connection` function is deprecated. Pass the `connection` explicitly instead.
  warnings.warn(
/home/iguanya/nurses/env/lib/python3.10/site-packages/rq/connections.py:72: DeprecationWarning: The `pop_connection` function is deprecated. Pass the `connection` explicitly instead.
  warnings.warn(
/home/iguanya/nurses/env/lib/python3.10/site-packages/rq/connections.py:58: DeprecationWarning: The `push_connection` function is deprecated. Pass the `connection` explicitly instead.
  warnings.warn(
/home/iguanya/nurses/env/lib/python3.10/site-packages/rq/connections.py:72: DeprecationWarning: The `pop_connection` function is deprecated. Pass the `connection` explicitly instead.
  warnings.warn(
/home/iguanya/nurses/env/lib/python3.10/site-packages/rq/connections.py:58: DeprecationWarning: The `push_connection` function is deprecated. Pass the `connection` explicitly instead.
  warnings.warn(
/home/iguanya/nurses/env/lib/python3.10/site-packages/rq/connections.py:72: DeprecationWarning: The `pop_connection` function is deprecated. Pass the `connection` explicitly instead.
  warnings.warn(
/home/iguanya/nurses/env/lib/python3.10/site-packages/rq/connections.py:58: DeprecationWarning: The `push_connection` function is deprecated. Pass the `connection` explicitly instead.
  warnings.warn(
/home/iguanya/nurses/env/lib/python3.10/site-packages/rq/connections.py:72: DeprecationWarning: The `pop_connection` function is deprecated. Pass the `connection` explicitly instead.
  warnings.warn(
/home/iguanya/nurses/env/lib/python3.10/site-packages/rq/connections.py:58: DeprecationWarning: The `push_connection` function is deprecated. Pass the `connection` explicitly instead.
  warnings.warn(
/home/iguanya/nurses/env/lib/python3.10/site-packages/rq/connections.py:72: DeprecationWarning: The `pop_connection` function is deprecated. Pass the `connection` explicitly instead.
  warnings.warn(
/home/iguanya/nurses/env/lib/python3.10/site-packages/rq/connections.py:58: DeprecationWarning: The `push_connection` function is deprecated. Pass the `connection` explicitly instead.
  warnings.warn(
/home/iguanya/nurses/env/lib/python3.10/site-packages/rq/connections.py:72: DeprecationWarning: The `pop_connection` function is deprecated. Pass the `connection` explicitly instead.
  warnings.warn(
/home/iguanya/nurses/env/lib/python3.10/site-packages/rq/connections.py:58: DeprecationWarning: The `push_connection` function is deprecated. Pass the `connection` explicitly instead.
  warnings.warn(
/home/iguanya/nurses/env/lib/python3.10/site-packages/rq/connections.py:72: DeprecationWarning: The `pop_connection` function is deprecated. Pass the `connection` explicitly instead.
  warnings.warn(
/home/iguanya/nurses/env/lib/python3.10/site-packages/rq/connections.py:58: DeprecationWarning: The `push_connection` function is deprecated. Pass the `connection` explicitly instead.
  warnings.warn(
/home/iguanya/nurses/env/lib/python3.10/site-packages/rq/connections.py:72: DeprecationWarning: The `pop_connection` function is deprecated. Pass the `connection` explicitly instead.
  warnings.warn(
/home/iguanya/nurses/env/lib/python3.10/site-packages/rq/connections.py:58: DeprecationWarning: The `push_connection` function is deprecated. Pass the `connection` explicitly instead.
  warnings.warn(
/home/iguanya/nurses/env/lib/python3.10/site-packages/rq/connections.py:72: DeprecationWarning: The `pop_connection` function is deprecated. Pass the `connection` explicitly instead.
  warnings.warn(
/home/iguanya/nurses/env/lib/python3.10/site-packages/rq/connections.py:58: DeprecationWarning: The `push_connection` function is deprecated. Pass the `connection` explicitly instead.
  warnings.warn(
/home/iguanya/nurses/env/lib/python3.10/site-packages/rq/connections.py:72: DeprecationWarning: The `pop_connection` function is deprecated. Pass the `connection` explicitly instead.
  warnings.warn(
/home/iguanya/nurses/env/lib/python3.10/site-packages/rq/connections.py:58: DeprecationWarning: The `push_connection` function is deprecated. Pass the `connection` explicitly instead.
  warnings.warn(
/home/iguanya/nurses/env/lib/python3.10/site-packages/rq/connections.py:72: DeprecationWarning: The `pop_connection` function is deprecated. Pass the `connection` explicitly instead.
  warnings.warn(
/home/iguanya/nurses/env/lib/python3.10/site-packages/rq/connections.py:58: DeprecationWarning: The `push_connection` function is deprecated. Pass the `connection` explicitly instead.
  warnings.warn(
/home/iguanya/nurses/env/lib/python3.10/site-packages/rq/connections.py:72: DeprecationWarning: The `pop_connection` function is deprecated. Pass the `connection` explicitly instead.
  warnings.warn(
/home/iguanya/nurses/env/lib/python3.10/site-packages/rq/connections.py:58: DeprecationWarning: The `push_connection` function is deprecated. Pass the `connection` explicitly instead.
  warnings.warn(
/home/iguanya/nurses/env/lib/python3.10/site-packages/rq/connections.py:72: DeprecationWarning: The `pop_connection` function is deprecated. Pass the `connection` explicitly instead.
  warnings.warn(
/home/iguanya/nurses/env/lib/python3.10/site-packages/rq/connections.py:58: DeprecationWarning: The `push_connection` function is deprecated. Pass the `connection` explicitly instead.
  warnings.warn(
/home/iguanya/nurses/env/lib/python3.10/site-packages/rq/connections.py:72: DeprecationWarning: The `pop_connection` function is deprecated. Pass the `connection` explicitly instead.
  warnings.warn(
/home/iguanya/nurses/env/lib/python3.10/site-packages/rq/connections.py:58: DeprecationWarning: The `push_connection` function is deprecated. Pass the `connection` explicitly instead.
  warnings.warn(
/home/iguanya/nurses/env/lib/python3.10/site-packages/rq/connections.py:72: DeprecationWarning: The `pop_connection` function is deprecated. Pass the `connection` explicitly instead.
  warnings.warn(
/home/iguanya/nurses/env/lib/python3.10/site-packages/rq/connections.py:58: DeprecationWarning: The `push_connection` function is deprecated. Pass the `connection` explicitly instead.
  warnings.warn(
/home/iguanya/nurses/env/lib/python3.10/site-packages/rq/connections.py:72: DeprecationWarning: The `pop_connection` function is deprecated. Pass the `connection` explicitly instead.
  warnings.warn(
/home/iguanya/nurses/env/lib/python3.10/site-packages/rq/connections.py:58: DeprecationWarning: The `push_connection` function is deprecated. Pass the `connection` explicitly instead.
  warnings.warn(
/home/iguanya/nurses/env/lib/python3.10/site-packages/rq/connections.py:72: DeprecationWarning: The `pop_connection` function is deprecated. Pass the `connection` explicitly instead.
  warnings.warn(
/home/iguanya/nurses/env/lib/python3.10/site-packages/rq/connections.py:58: DeprecationWarning: The `push_connection` function is deprecated. Pass the `connection` explicitly instead.
  warnings.warn(
/home/iguanya/nurses/env/lib/python3.10/site-packages/rq/connections.py:72: DeprecationWarning: The `pop_connection` function is deprecated. Pass the `connection` explicitly instead.
  warnings.warn(
/home/iguanya/nurses/env/lib/python3.10/site-packages/rq/connections.py:58: DeprecationWarning: The `push_connection` function is deprecated. Pass the `connection` explicitly instead.
  warnings.warn(
/home/iguanya/nurses/env/lib/python3.10/site-packages/rq/connections.py:72: DeprecationWarning: The `pop_connection` function is deprecated. Pass the `connection` explicitly instead.
  warnings.warn(
/home/iguanya/nurses/env/lib/python3.10/site-packages/rq/connections.py:58: DeprecationWarning: The `push_connection` function is deprecated. Pass the `connection` explicitly instead.
  warnings.warn(
/home/iguanya/nurses/env/lib/python3.10/site-packages/rq/connections.py:72: DeprecationWarning: The `pop_connection` function is deprecated. Pass the `connection` explicitly instead.
  warnings.warn(
/home/iguanya/nurses/env/lib/python3.10/site-packages/rq/connections.py:58: DeprecationWarning: The `push_connection` function is deprecated. Pass the `connection` explicitly instead.
  warnings.warn(
/home/iguanya/nurses/env/lib/python3.10/site-packages/rq/connections.py:72: DeprecationWarning: The `pop_connection` function is deprecated. Pass the `connection` explicitly instead.
  warnings.warn(
/home/iguanya/nurses/env/lib/python3.10/site-packages/rq/connections.py:58: DeprecationWarning: The `push_connection` function is deprecated. Pass the `connection` explicitly instead.
  warnings.warn(
/home/iguanya/nurses/env/lib/python3.10/site-packages/rq/connections.py:72: DeprecationWarning: The `pop_connection` function is deprecated. Pass the `connection` explicitly instead.
  warnings.warn(
/home/iguanya/nurses/env/lib/python3.10/site-packages/rq/connections.py:58: DeprecationWarning: The `push_connection` function is deprecated. Pass the `connection` explicitly instead.
  warnings.warn(
/home/iguanya/nurses/env/lib/python3.10/site-packages/rq/connections.py:72: DeprecationWarning: The `pop_connection` function is deprecated. Pass the `connection` explicitly instead.
  warnings.warn(
/home/iguanya/nurses/env/lib/python3.10/site-packages/rq/connections.py:58: DeprecationWarning: The `push_connection` function is deprecated. Pass the `connection` explicitly instead.
  warnings.warn(
/home/iguanya/nurses/env/lib/python3.10/site-packages/rq/connections.py:72: DeprecationWarning: The `pop_connection` function is deprecated. Pass the `connection` explicitly instead.
  warnings.warn(
/home/iguanya/nurses/env/lib/python3.10/site-packages/rq/connections.py:58: DeprecationWarning: The `push_connection` function is deprecated. Pass the `connection` explicitly instead.
  warnings.warn(
/home/iguanya/nurses/env/lib/python3.10/site-packages/rq/connections.py:72: DeprecationWarning: The `pop_connection` function is deprecated. Pass the `connection` explicitly instead.
  warnings.warn(
/home/iguanya/nurses/env/lib/python3.10/site-packages/rq/connections.py:58: DeprecationWarning: The `push_connection` function is deprecated. Pass the `connection` explicitly instead.
  warnings.warn(
/home/iguanya/nurses/env/lib/python3.10/site-packages/rq/connections.py:72: DeprecationWarning: The `pop_connection` function is deprecated. Pass the `connection` explicitly instead.
  warnings.warn(
/home/iguanya/nurses/env/lib/python3.10/site-packages/rq/connections.py:58: DeprecationWarning: The `push_connection` function is deprecated. Pass the `connection` explicitly instead.
  warnings.warn(
/home/iguanya/nurses/env/lib/python3.10/site-packages/rq/connections.py:72: DeprecationWarning: The `pop_connection` function is deprecated. Pass the `connection` explicitly instead.
  warnings.warn(
/home/iguanya/nurses/env/lib/python3.10/site-packages/rq/connections.py:58: DeprecationWarning: The `push_connection` function is deprecated. Pass the `connection` explicitly instead.
  warnings.warn(
/home/iguanya/nurses/env/lib/python3.10/site-packages/rq/connections.py:72: DeprecationWarning: The `pop_connection` function is deprecated. Pass the `connection` explicitly instead.
  warnings.warn(
/home/iguanya/nurses/env/lib/python3.10/site-packages/rq/connections.py:58: DeprecationWarning: The `push_connection` function is deprecated. Pass the `connection` explicitly instead.
  warnings.warn(
/home/iguanya/nurses/env/lib/python3.10/site-packages/rq/connections.py:72: DeprecationWarning: The `pop_connection` function is deprecated. Pass the `connection` explicitly instead.
  warnings.warn(
/home/iguanya/nurses/env/lib/python3.10/site-packages/rq/connections.py:58: DeprecationWarning: The `push_connection` function is deprecated. Pass the `connection` explicitly instead.
  warnings.warn(
/home/iguanya/nurses/env/lib/python3.10/site-packages/rq/connections.py:72: DeprecationWarning: The `pop_connection` function is deprecated. Pass the `connection` explicitly instead.
  warnings.warn(
/home/iguanya/nurses/env/lib/python3.10/site-packages/rq/connections.py:58: DeprecationWarning: The `push_connection` function is deprecated. Pass the `connection` explicitly instead.
  warnings.warn(
/home/iguanya/nurses/env/lib/python3.10/site-packages/rq/connections.py:72: DeprecationWarning: The `pop_connection` function is deprecated. Pass the `connection` explicitly instead.
  warnings.warn(
/home/iguanya/nurses/env/lib/python3.10/site-packages/rq/connections.py:58: DeprecationWarning: The `push_connection` function is deprecated. Pass the `connection` explicitly instead.
  warnings.warn(
/home/iguanya/nurses/env/lib/python3.10/site-packages/googleapiclient/model.py:30: DeprecationWarning: pkg_resources is deprecated as an API. See https://setuptools.pypa.io/en/latest/pkg_resources.html
  import pkg_resources
/home/iguanya/nurses/env/lib/python3.10/site-packages/pkg_resources/__init__.py:2846: DeprecationWarning: Deprecated call to `pkg_resources.declare_namespace('google')`.
Implementing implicit namespace packages (as specified in PEP 420) is preferred to `pkg_resources.declare_namespace`. See https://setuptools.pypa.io/en/latest/references/keywords.html#keyword-namespace-packages
  declare_namespace(pkg)
/home/iguanya/nurses/env/lib/python3.10/site-packages/pkg_resources/__init__.py:2846: DeprecationWarning: Deprecated call to `pkg_resources.declare_namespace('google')`.
Implementing implicit namespace packages (as specified in PEP 420) is preferred to `pkg_resources.declare_namespace`. See https://setuptools.pypa.io/en/latest/references/keywords.html#keyword-namespace-packages
  declare_namespace(pkg)
/home/iguanya/nurses/env/lib/python3.10/site-packages/pkg_resources/__init__.py:2846: DeprecationWarning: Deprecated call to `pkg_resources.declare_namespace('google')`.
Implementing implicit namespace packages (as specified in PEP 420) is preferred to `pkg_resources.declare_namespace`. See https://setuptools.pypa.io/en/latest/references/keywords.html#keyword-namespace-packages
  declare_namespace(pkg)
/home/iguanya/nurses/env/lib/python3.10/site-packages/rq/connections.py:72: DeprecationWarning: The `pop_connection` function is deprecated. Pass the `connection` explicitly instead.
  warnings.warn(
/home/iguanya/nurses/env/lib/python3.10/site-packages/rq/connections.py:58: DeprecationWarning: The `push_connection` function is deprecated. Pass the `connection` explicitly instead.
  warnings.warn(
/home/iguanya/nurses/env/lib/python3.10/site-packages/rq/connections.py:72: DeprecationWarning: The `pop_connection` function is deprecated. Pass the `connection` explicitly instead.
  warnings.warn(
/home/iguanya/nurses/env/lib/python3.10/site-packages/rq/connections.py:58: DeprecationWarning: The `push_connection` function is deprecated. Pass the `connection` explicitly instead.
  warnings.warn(
/home/iguanya/nurses/env/lib/python3.10/site-packages/rq/connections.py:72: DeprecationWarning: The `pop_connection` function is deprecated. Pass the `connection` explicitly instead.
  warnings.warn(
/home/iguanya/nurses/env/lib/python3.10/site-packages/rq/connections.py:58: DeprecationWarning: The `push_connection` function is deprecated. Pass the `connection` explicitly instead.
  warnings.warn(
/home/iguanya/nurses/env/lib/python3.10/site-packages/rq/connections.py:72: DeprecationWarning: The `pop_connection` function is deprecated. Pass the `connection` explicitly instead.
  warnings.warn(
/home/iguanya/nurses/env/lib/python3.10/site-packages/rq/connections.py:58: DeprecationWarning: The `push_connection` function is deprecated. Pass the `connection` explicitly instead.
  warnings.warn(
/home/iguanya/nurses/env/lib/python3.10/site-packages/rq/connections.py:72: DeprecationWarning: The `pop_connection` function is deprecated. Pass the `connection` explicitly instead.
  warnings.warn(
/home/iguanya/nurses/env/lib/python3.10/site-packages/rq/connections.py:58: DeprecationWarning: The `push_connection` function is deprecated. Pass the `connection` explicitly instead.
  warnings.warn(
/home/iguanya/nurses/env/lib/python3.10/site-packages/rq/connections.py:72: DeprecationWarning: The `pop_connection` function is deprecated. Pass the `connection` explicitly instead.
  warnings.warn(
/home/iguanya/nurses/env/lib/python3.10/site-packages/rq/connections.py:58: DeprecationWarning: The `push_connection` function is deprecated. Pass the `connection` explicitly instead.
  warnings.warn(
/home/iguanya/nurses/env/lib/python3.10/site-packages/rq/connections.py:72: DeprecationWarning: The `pop_connection` function is deprecated. Pass the `connection` explicitly instead.
  warnings.warn(
/home/iguanya/nurses/env/lib/python3.10/site-packages/rq/connections.py:58: DeprecationWarning: The `push_connection` function is deprecated. Pass the `connection` explicitly instead.
  warnings.warn(
/home/iguanya/nurses/env/lib/python3.10/site-packages/rq/connections.py:72: DeprecationWarning: The `pop_connection` function is deprecated. Pass the `connection` explicitly instead.
  warnings.warn(
/home/iguanya/nurses/env/lib/python3.10/site-packages/rq/connections.py:58: DeprecationWarning: The `push_connection` function is deprecated. Pass the `connection` explicitly instead.
  warnings.warn(
/home/iguanya/nurses/env/lib/python3.10/site-packages/rq/connections.py:72: DeprecationWarning: The `pop_connection` function is deprecated. Pass the `connection` explicitly instead.
  warnings.warn(
/home/iguanya/nurses/env/lib/python3.10/site-packages/rq/connections.py:58: DeprecationWarning: The `push_connection` function is deprecated. Pass the `connection` explicitly instead.
  warnings.warn(
/home/iguanya/nurses/env/lib/python3.10/site-packages/rq/connections.py:72: DeprecationWarning: The `pop_connection` function is deprecated. Pass the `connection` explicitly instead.
  warnings.warn(
/home/iguanya/nurses/env/lib/python3.10/site-packages/rq/connections.py:58: DeprecationWarning: The `push_connection` function is deprecated. Pass the `connection` explicitly instead.
  warnings.warn(
/home/iguanya/nurses/env/lib/python3.10/site-packages/rq/connections.py:72: DeprecationWarning: The `pop_connection` function is deprecated. Pass the `connection` explicitly instead.
  warnings.warn(
/home/iguanya/nurses/env/lib/python3.10/site-packages/rq/connections.py:58: DeprecationWarning: The `push_connection` function is deprecated. Pass the `connection` explicitly instead.
  warnings.warn(
/home/iguanya/nurses/env/lib/python3.10/site-packages/rq/connections.py:72: DeprecationWarning: The `pop_connection` function is deprecated. Pass the `connection` explicitly instead.
  warnings.warn(
/home/iguanya/nurses/env/lib/python3.10/site-packages/rq/connections.py:58: DeprecationWarning: The `push_connection` function is deprecated. Pass the `connection` explicitly instead.
  warnings.warn(
/home/iguanya/nurses/env/lib/python3.10/site-packages/rq/connections.py:72: DeprecationWarning: The `pop_connection` function is deprecated. Pass the `connection` explicitly instead.
  warnings.warn(
/home/iguanya/nurses/env/lib/python3.10/site-packages/rq/connections.py:58: DeprecationWarning: The `push_connection` function is deprecated. Pass the `connection` explicitly instead.
  warnings.warn(
/home/iguanya/nurses/env/lib/python3.10/site-packages/rq/connections.py:72: DeprecationWarning: The `pop_connection` function is deprecated. Pass the `connection` explicitly instead.
  warnings.warn(
/home/iguanya/nurses/env/lib/python3.10/site-packages/rq/connections.py:58: DeprecationWarning: The `push_connection` function is deprecated. Pass the `connection` explicitly instead.
  warnings.warn(
/home/iguanya/nurses/env/lib/python3.10/site-packages/rq/connections.py:72: DeprecationWarning: The `pop_connection` function is deprecated. Pass the `connection` explicitly instead.
  warnings.warn(
/home/iguanya/nurses/env/lib/python3.10/site-packages/rq/connections.py:58: DeprecationWarning: The `push_connection` function is deprecated. Pass the `connection` explicitly instead.
  warnings.warn(
/home/iguanya/nurses/env/lib/python3.10/site-packages/rq/connections.py:72: DeprecationWarning: The `pop_connection` function is deprecated. Pass the `connection` explicitly instead.
  warnings.warn(
/home/iguanya/nurses/env/lib/python3.10/site-packages/rq/connections.py:58: DeprecationWarning: The `push_connection` function is deprecated. Pass the `connection` explicitly instead.
  warnings.warn(
/home/iguanya/nurses/env/lib/python3.10/site-packages/rq/connections.py:72: DeprecationWarning: The `pop_connection` function is deprecated. Pass the `connection` explicitly instead.
  warnings.warn(
/home/iguanya/nurses/env/lib/python3.10/site-packages/rq/connections.py:58: DeprecationWarning: The `push_connection` function is deprecated. Pass the `connection` explicitly instead.
  warnings.warn(
/home/iguanya/nurses/env/lib/python3.10/site-packages/rq/connections.py:72: DeprecationWarning: The `pop_connection` function is deprecated. Pass the `connection` explicitly instead.
  warnings.warn(
/home/iguanya/nurses/env/lib/python3.10/site-packages/rq/connections.py:58: DeprecationWarning: The `push_connection` function is deprecated. Pass the `connection` explicitly instead.
  warnings.warn(
/home/iguanya/nurses/env/lib/python3.10/site-packages/rq/connections.py:72: DeprecationWarning: The `pop_connection` function is deprecated. Pass the `connection` explicitly instead.
  warnings.warn(
/home/iguanya/nurses/env/lib/python3.10/site-packages/rq/connections.py:58: DeprecationWarning: The `push_connection` function is deprecated. Pass the `connection` explicitly instead.
  warnings.warn(
/home/iguanya/nurses/env/lib/python3.10/site-packages/rq/connections.py:72: DeprecationWarning: The `pop_connection` function is deprecated. Pass the `connection` explicitly instead.
  warnings.warn(
/home/iguanya/nurses/env/lib/python3.10/site-packages/rq/connections.py:58: DeprecationWarning: The `push_connection` function is deprecated. Pass the `connection` explicitly instead.
  warnings.warn(
/home/iguanya/nurses/env/lib/python3.10/site-packages/rq/connections.py:72: DeprecationWarning: The `pop_connection` function is deprecated. Pass the `connection` explicitly instead.
  warnings.warn(
/home/iguanya/nurses/env/lib/python3.10/site-packages/rq/connections.py:58: DeprecationWarning: The `push_connection` function is deprecated. Pass the `connection` explicitly instead.
  warnings.warn(
/home/iguanya/nurses/env/lib/python3.10/site-packages/rq/connections.py:72: DeprecationWarning: The `pop_connection` function is deprecated. Pass the `connection` explicitly instead.
  warnings.warn(
/home/iguanya/nurses/env/lib/python3.10/site-packages/rq/connections.py:58: DeprecationWarning: The `push_connection` function is deprecated. Pass the `connection` explicitly instead.
  warnings.warn(
/home/iguanya/nurses/env/lib/python3.10/site-packages/rq/connections.py:72: DeprecationWarning: The `pop_connection` function is deprecated. Pass the `connection` explicitly instead.
  warnings.warn(
/home/iguanya/nurses/env/lib/python3.10/site-packages/rq/connections.py:58: DeprecationWarning: The `push_connection` function is deprecated. Pass the `connection` explicitly instead.
  warnings.warn(
/home/iguanya/nurses/env/lib/python3.10/site-packages/rq/connections.py:72: DeprecationWarning: The `pop_connection` function is deprecated. Pass the `connection` explicitly instead.
  warnings.warn(
/home/iguanya/nurses/env/lib/python3.10/site-packages/rq/connections.py:58: DeprecationWarning: The `push_connection` function is deprecated. Pass the `connection` explicitly instead.
  warnings.warn(
/home/iguanya/nurses/env/lib/python3.10/site-packages/rq/connections.py:72: DeprecationWarning: The `pop_connection` function is deprecated. Pass the `connection` explicitly instead.
  warnings.warn(
/home/iguanya/nurses/env/lib/python3.10/site-packages/rq/connections.py:58: DeprecationWarning: The `push_connection` function is deprecated. Pass the `connection` explicitly instead.
  warnings.warn(
/home/iguanya/nurses/env/lib/python3.10/site-packages/rq/connections.py:72: DeprecationWarning: The `pop_connection` function is deprecated. Pass the `connection` explicitly instead.
  warnings.warn(
/home/iguanya/nurses/env/lib/python3.10/site-packages/rq/connections.py:58: DeprecationWarning: The `push_connection` function is deprecated. Pass the `connection` explicitly instead.
  warnings.warn(
/home/iguanya/nurses/env/lib/python3.10/site-packages/rq/connections.py:72: DeprecationWarning: The `pop_connection` function is deprecated. Pass the `connection` explicitly instead.
  warnings.warn(
/home/iguanya/nurses/env/lib/python3.10/site-packages/rq/connections.py:58: DeprecationWarning: The `push_connection` function is deprecated. Pass the `connection` explicitly instead.
  warnings.warn(
/home/iguanya/nurses/env/lib/python3.10/site-packages/rq/connections.py:72: DeprecationWarning: The `pop_connection` function is deprecated. Pass the `connection` explicitly instead.
  warnings.warn(
/home/iguanya/nurses/env/lib/python3.10/site-packages/rq/connections.py:58: DeprecationWarning: The `push_connection` function is deprecated. Pass the `connection` explicitly instead.
  warnings.warn(
/home/iguanya/nurses/env/lib/python3.10/site-packages/rq/connections.py:72: DeprecationWarning: The `pop_connection` function is deprecated. Pass the `connection` explicitly instead.
  warnings.warn(
/home/iguanya/nurses/env/lib/python3.10/site-packages/rq/connections.py:58: DeprecationWarning: The `push_connection` function is deprecated. Pass the `connection` explicitly instead.
  warnings.warn(
/home/iguanya/nurses/env/lib/python3.10/site-packages/rq/connections.py:72: DeprecationWarning: The `pop_connection` function is deprecated. Pass the `connection` explicitly instead.
  warnings.warn(
/home/iguanya/nurses/env/lib/python3.10/site-packages/rq/connections.py:58: DeprecationWarning: The `push_connection` function is deprecated. Pass the `connection` explicitly instead.
  warnings.warn(
/home/iguanya/nurses/env/lib/python3.10/site-packages/rq/connections.py:72: DeprecationWarning: The `pop_connection` function is deprecated. Pass the `connection` explicitly instead.
  warnings.warn(
/home/iguanya/nurses/env/lib/python3.10/site-packages/rq/connections.py:58: DeprecationWarning: The `push_connection` function is deprecated. Pass the `connection` explicitly instead.
  warnings.warn(
/home/iguanya/nurses/env/lib/python3.10/site-packages/rq/connections.py:72: DeprecationWarning: The `pop_connection` function is deprecated. Pass the `connection` explicitly instead.
  warnings.warn(
/home/iguanya/nurses/env/lib/python3.10/site-packages/rq/connections.py:58: DeprecationWarning: The `push_connection` function is deprecated. Pass the `connection` explicitly instead.
  warnings.warn(
/home/iguanya/nurses/env/lib/python3.10/site-packages/rq/connections.py:72: DeprecationWarning: The `pop_connection` function is deprecated. Pass the `connection` explicitly instead.
  warnings.warn(
/home/iguanya/nurses/env/lib/python3.10/site-packages/rq/connections.py:58: DeprecationWarning: The `push_connection` function is deprecated. Pass the `connection` explicitly instead.
  warnings.warn(
/home/iguanya/nurses/env/lib/python3.10/site-packages/rq/connections.py:72: DeprecationWarning: The `pop_connection` function is deprecated. Pass the `connection` explicitly instead.
  warnings.warn(
/home/iguanya/nurses/env/lib/python3.10/site-packages/rq/connections.py:58: DeprecationWarning: The `push_connection` function is deprecated. Pass the `connection` explicitly instead.
  warnings.warn(
/home/iguanya/nurses/env/lib/python3.10/site-packages/rq/connections.py:72: DeprecationWarning: The `pop_connection` function is deprecated. Pass the `connection` explicitly instead.
  warnings.warn(
/home/iguanya/nurses/env/lib/python3.10/site-packages/rq/connections.py:58: DeprecationWarning: The `push_connection` function is deprecated. Pass the `connection` explicitly instead.
  warnings.warn(
/home/iguanya/nurses/env/lib/python3.10/site-packages/rq/connections.py:72: DeprecationWarning: The `pop_connection` function is deprecated. Pass the `connection` explicitly instead.
  warnings.warn(
/home/iguanya/nurses/env/lib/python3.10/site-packages/rq/connections.py:58: DeprecationWarning: The `push_connection` function is deprecated. Pass the `connection` explicitly instead.
  warnings.warn(
/home/iguanya/nurses/env/lib/python3.10/site-packages/rq/connections.py:72: DeprecationWarning: The `pop_connection` function is deprecated. Pass the `connection` explicitly instead.
  warnings.warn(
/home/iguanya/nurses/env/lib/python3.10/site-packages/rq/connections.py:58: DeprecationWarning: The `push_connection` function is deprecated. Pass the `connection` explicitly instead.
  warnings.warn(
/home/iguanya/nurses/env/lib/python3.10/site-packages/rq/connections.py:72: DeprecationWarning: The `pop_connection` function is deprecated. Pass the `connection` explicitly instead.
  warnings.warn(
/home/iguanya/nurses/env/lib/python3.10/site-packages/rq/connections.py:58: DeprecationWarning: The `push_connection` function is deprecated. Pass the `connection` explicitly instead.
  warnings.warn(
/home/iguanya/nurses/env/lib/python3.10/site-packages/rq/connections.py:72: DeprecationWarning: The `pop_connection` function is deprecated. Pass the `connection` explicitly instead.
  warnings.warn(
/home/iguanya/nurses/env/lib/python3.10/site-packages/rq/connections.py:58: DeprecationWarning: The `push_connection` function is deprecated. Pass the `connection` explicitly instead.
  warnings.warn(
/home/iguanya/nurses/env/lib/python3.10/site-packages/rq/connections.py:72: DeprecationWarning: The `pop_connection` function is deprecated. Pass the `connection` explicitly instead.
  warnings.warn(
/home/iguanya/nurses/env/lib/python3.10/site-packages/rq/connections.py:58: DeprecationWarning: The `push_connection` function is deprecated. Pass the `connection` explicitly instead.
  warnings.warn(
/home/iguanya/nurses/env/lib/python3.10/site-packages/rq/connections.py:72: DeprecationWarning: The `pop_connection` function is deprecated. Pass the `connection` explicitly instead.
  warnings.warn(
/home/iguanya/nurses/env/lib/python3.10/site-packages/rq/connections.py:58: DeprecationWarning: The `push_connection` function is deprecated. Pass the `connection` explicitly instead.
  warnings.warn(
/home/iguanya/nurses/env/lib/python3.10/site-packages/rq/connections.py:72: DeprecationWarning: The `pop_connection` function is deprecated. Pass the `connection` explicitly instead.
  warnings.warn(
/home/iguanya/nurses/env/lib/python3.10/site-packages/rq/connections.py:58: DeprecationWarning: The `push_connection` function is deprecated. Pass the `connection` explicitly instead.
  warnings.warn(
/home/iguanya/nurses/env/lib/python3.10/site-packages/rq/connections.py:72: DeprecationWarning: The `pop_connection` function is deprecated. Pass the `connection` explicitly instead.
  warnings.warn(
/home/iguanya/nurses/env/lib/python3.10/site-packages/rq/connections.py:58: DeprecationWarning: The `push_connection` function is deprecated. Pass the `connection` explicitly instead.
  warnings.warn(
/home/iguanya/nurses/env/lib/python3.10/site-packages/rq/connections.py:72: DeprecationWarning: The `pop_connection` function is deprecated. Pass the `connection` explicitly instead.
  warnings.warn(
/home/iguanya/nurses/env/lib/python3.10/site-packages/rq/connections.py:58: DeprecationWarning: The `push_connection` function is deprecated. Pass the `connection` explicitly instead.
  warnings.warn(
/home/iguanya/nurses/env/lib/python3.10/site-packages/rq/connections.py:72: DeprecationWarning: The `pop_connection` function is deprecated. Pass the `connection` explicitly instead.
  warnings.warn(
/home/iguanya/nurses/env/lib/python3.10/site-packages/rq/connections.py:58: DeprecationWarning: The `push_connection` function is deprecated. Pass the `connection` explicitly instead.
  warnings.warn(
/home/iguanya/nurses/env/lib/python3.10/site-packages/rq/connections.py:72: DeprecationWarning: The `pop_connection` function is deprecated. Pass the `connection` explicitly instead.
  warnings.warn(
/home/iguanya/nurses/env/lib/python3.10/site-packages/rq/connections.py:58: DeprecationWarning: The `push_connection` function is deprecated. Pass the `connection` explicitly instead.
  warnings.warn(
/home/iguanya/nurses/env/lib/python3.10/site-packages/rq/connections.py:72: DeprecationWarning: The `pop_connection` function is deprecated. Pass the `connection` explicitly instead.
  warnings.warn(
/home/iguanya/nurses/env/lib/python3.10/site-packages/rq/connections.py:58: DeprecationWarning: The `push_connection` function is deprecated. Pass the `connection` explicitly instead.
  warnings.warn(
/home/iguanya/nurses/env/lib/python3.10/site-packages/googleapiclient/model.py:30: DeprecationWarning: pkg_resources is deprecated as an API. See https://setuptools.pypa.io/en/latest/pkg_resources.html
  import pkg_resources
/home/iguanya/nurses/env/lib/python3.10/site-packages/pkg_resources/__init__.py:2846: DeprecationWarning: Deprecated call to `pkg_resources.declare_namespace('google')`.
Implementing implicit namespace packages (as specified in PEP 420) is preferred to `pkg_resources.declare_namespace`. See https://setuptools.pypa.io/en/latest/references/keywords.html#keyword-namespace-packages
  declare_namespace(pkg)
/home/iguanya/nurses/env/lib/python3.10/site-packages/pkg_resources/__init__.py:2846: DeprecationWarning: Deprecated call to `pkg_resources.declare_namespace('google')`.
Implementing implicit namespace packages (as specified in PEP 420) is preferred to `pkg_resources.declare_namespace`. See https://setuptools.pypa.io/en/latest/references/keywords.html#keyword-namespace-packages
  declare_namespace(pkg)
/home/iguanya/nurses/env/lib/python3.10/site-packages/pkg_resources/__init__.py:2846: DeprecationWarning: Deprecated call to `pkg_resources.declare_namespace('google')`.
Implementing implicit namespace packages (as specified in PEP 420) is preferred to `pkg_resources.declare_namespace`. See https://setuptools.pypa.io/en/latest/references/keywords.html#keyword-namespace-packages
  declare_namespace(pkg)
/home/iguanya/nurses/env/lib/python3.10/site-packages/rq/connections.py:72: DeprecationWarning: The `pop_connection` function is deprecated. Pass the `connection` explicitly instead.
  warnings.warn(
/home/iguanya/nurses/env/lib/python3.10/site-packages/rq/connections.py:58: DeprecationWarning: The `push_connection` function is deprecated. Pass the `connection` explicitly instead.
  warnings.warn(
/home/iguanya/nurses/env/lib/python3.10/site-packages/rq/connections.py:72: DeprecationWarning: The `pop_connection` function is deprecated. Pass the `connection` explicitly instead.
  warnings.warn(
/home/iguanya/nurses/env/lib/python3.10/site-packages/rq/connections.py:58: DeprecationWarning: The `push_connection` function is deprecated. Pass the `connection` explicitly instead.
  warnings.warn(
/home/iguanya/nurses/env/lib/python3.10/site-packages/rq/connections.py:72: DeprecationWarning: The `pop_connection` function is deprecated. Pass the `connection` explicitly instead.
  warnings.warn(
/home/iguanya/nurses/env/lib/python3.10/site-packages/rq/connections.py:58: DeprecationWarning: The `push_connection` function is deprecated. Pass the `connection` explicitly instead.
  warnings.warn(
/home/iguanya/nurses/env/lib/python3.10/site-packages/googleapiclient/model.py:30: DeprecationWarning: pkg_resources is deprecated as an API. See https://setuptools.pypa.io/en/latest/pkg_resources.html
  import pkg_resources
/home/iguanya/nurses/env/lib/python3.10/site-packages/pkg_resources/__init__.py:2846: DeprecationWarning: Deprecated call to `pkg_resources.declare_namespace('google')`.
Implementing implicit namespace packages (as specified in PEP 420) is preferred to `pkg_resources.declare_namespace`. See https://setuptools.pypa.io/en/latest/references/keywords.html#keyword-namespace-packages
  declare_namespace(pkg)
/home/iguanya/nurses/env/lib/python3.10/site-packages/pkg_resources/__init__.py:2846: DeprecationWarning: Deprecated call to `pkg_resources.declare_namespace('google')`.
Implementing implicit namespace packages (as specified in PEP 420) is preferred to `pkg_resources.declare_namespace`. See https://setuptools.pypa.io/en/latest/references/keywords.html#keyword-namespace-packages
  declare_namespace(pkg)
/home/iguanya/nurses/env/lib/python3.10/site-packages/pkg_resources/__init__.py:2846: DeprecationWarning: Deprecated call to `pkg_resources.declare_namespace('google')`.
Implementing implicit namespace packages (as specified in PEP 420) is preferred to `pkg_resources.declare_namespace`. See https://setuptools.pypa.io/en/latest/references/keywords.html#keyword-namespace-packages
  declare_namespace(pkg)
/home/iguanya/nurses/env/lib/python3.10/site-packages/rq/connections.py:72: DeprecationWarning: The `pop_connection` function is deprecated. Pass the `connection` explicitly instead.
  warnings.warn(
/home/iguanya/nurses/env/lib/python3.10/site-packages/rq/connections.py:58: DeprecationWarning: The `push_connection` function is deprecated. Pass the `connection` explicitly instead.
  warnings.warn(
/home/iguanya/nurses/env/lib/python3.10/site-packages/rq/connections.py:72: DeprecationWarning: The `pop_connection` function is deprecated. Pass the `connection` explicitly instead.
  warnings.warn(
/home/iguanya/nurses/env/lib/python3.10/site-packages/rq/connections.py:58: DeprecationWarning: The `push_connection` function is deprecated. Pass the `connection` explicitly instead.
  warnings.warn(
/home/iguanya/nurses/env/lib/python3.10/site-packages/rq/connections.py:72: DeprecationWarning: The `pop_connection` function is deprecated. Pass the `connection` explicitly instead.
  warnings.warn(
/home/iguanya/nurses/env/lib/python3.10/site-packages/rq/connections.py:58: DeprecationWarning: The `push_connection` function is deprecated. Pass the `connection` explicitly instead.
  warnings.warn(
/home/iguanya/nurses/env/lib/python3.10/site-packages/rq/connections.py:72: DeprecationWarning: The `pop_connection` function is deprecated. Pass the `connection` explicitly instead.
  warnings.warn(
/home/iguanya/nurses/env/lib/python3.10/site-packages/rq/connections.py:58: DeprecationWarning: The `push_connection` function is deprecated. Pass the `connection` explicitly instead.
  warnings.warn(
/home/iguanya/nurses/env/lib/python3.10/site-packages/rq/connections.py:72: DeprecationWarning: The `pop_connection` function is deprecated. Pass the `connection` explicitly instead.
  warnings.warn(
/home/iguanya/nurses/env/lib/python3.10/site-packages/rq/connections.py:58: DeprecationWarning: The `push_connection` function is deprecated. Pass the `connection` explicitly instead.
  warnings.warn(
/home/iguanya/nurses/env/lib/python3.10/site-packages/rq/connections.py:72: DeprecationWarning: The `pop_connection` function is deprecated. Pass the `connection` explicitly instead.
  warnings.warn(
/home/iguanya/nurses/env/lib/python3.10/site-packages/rq/connections.py:58: DeprecationWarning: The `push_connection` function is deprecated. Pass the `connection` explicitly instead.
  warnings.warn(
/home/iguanya/nurses/env/lib/python3.10/site-packages/rq/connections.py:72: DeprecationWarning: The `pop_connection` function is deprecated. Pass the `connection` explicitly instead.
  warnings.warn(
/home/iguanya/nurses/env/lib/python3.10/site-packages/rq/connections.py:58: DeprecationWarning: The `push_connection` function is deprecated. Pass the `connection` explicitly instead.
  warnings.warn(
/home/iguanya/nurses/env/lib/python3.10/site-packages/rq/connections.py:72: DeprecationWarning: The `pop_connection` function is deprecated. Pass the `connection` explicitly instead.
  warnings.warn(
/home/iguanya/nurses/env/lib/python3.10/site-packages/rq/connections.py:58: DeprecationWarning: The `push_connection` function is deprecated. Pass the `connection` explicitly instead.
  warnings.warn(
/home/iguanya/nurses/env/lib/python3.10/site-packages/rq/connections.py:72: DeprecationWarning: The `pop_connection` function is deprecated. Pass the `connection` explicitly instead.
  warnings.warn(
/home/iguanya/nurses/env/lib/python3.10/site-packages/rq/connections.py:58: DeprecationWarning: The `push_connection` function is deprecated. Pass the `connection` explicitly instead.
  warnings.warn(
/home/iguanya/nurses/env/lib/python3.10/site-packages/rq/connections.py:72: DeprecationWarning: The `pop_connection` function is deprecated. Pass the `connection` explicitly instead.
  warnings.warn(
/home/iguanya/nurses/env/lib/python3.10/site-packages/rq/connections.py:58: DeprecationWarning: The `push_connection` function is deprecated. Pass the `connection` explicitly instead.
  warnings.warn(
/home/iguanya/nurses/env/lib/python3.10/site-packages/googleapiclient/model.py:30: DeprecationWarning: pkg_resources is deprecated as an API. See https://setuptools.pypa.io/en/latest/pkg_resources.html
  import pkg_resources
/home/iguanya/nurses/env/lib/python3.10/site-packages/pkg_resources/__init__.py:2846: DeprecationWarning: Deprecated call to `pkg_resources.declare_namespace('google')`.
Implementing implicit namespace packages (as specified in PEP 420) is preferred to `pkg_resources.declare_namespace`. See https://setuptools.pypa.io/en/latest/references/keywords.html#keyword-namespace-packages
  declare_namespace(pkg)
/home/iguanya/nurses/env/lib/python3.10/site-packages/pkg_resources/__init__.py:2846: DeprecationWarning: Deprecated call to `pkg_resources.declare_namespace('google')`.
Implementing implicit namespace packages (as specified in PEP 420) is preferred to `pkg_resources.declare_namespace`. See https://setuptools.pypa.io/en/latest/references/keywords.html#keyword-namespace-packages
  declare_namespace(pkg)
/home/iguanya/nurses/env/lib/python3.10/site-packages/pkg_resources/__init__.py:2846: DeprecationWarning: Deprecated call to `pkg_resources.declare_namespace('google')`.
Implementing implicit namespace packages (as specified in PEP 420) is preferred to `pkg_resources.declare_namespace`. See https://setuptools.pypa.io/en/latest/references/keywords.html#keyword-namespace-packages
  declare_namespace(pkg)
/home/iguanya/nurses/env/lib/python3.10/site-packages/rq/connections.py:72: DeprecationWarning: The `pop_connection` function is deprecated. Pass the `connection` explicitly instead.
  warnings.warn(
/home/iguanya/nurses/env/lib/python3.10/site-packages/rq/connections.py:58: DeprecationWarning: The `push_connection` function is deprecated. Pass the `connection` explicitly instead.
  warnings.warn(
/home/iguanya/nurses/env/lib/python3.10/site-packages/rq/connections.py:72: DeprecationWarning: The `pop_connection` function is deprecated. Pass the `connection` explicitly instead.
  warnings.warn(
/home/iguanya/nurses/env/lib/python3.10/site-packages/rq/connections.py:58: DeprecationWarning: The `push_connection` function is deprecated. Pass the `connection` explicitly instead.
  warnings.warn(
/home/iguanya/nurses/env/lib/python3.10/site-packages/rq/connections.py:72: DeprecationWarning: The `pop_connection` function is deprecated. Pass the `connection` explicitly instead.
  warnings.warn(
/home/iguanya/nurses/env/lib/python3.10/site-packages/rq/connections.py:58: DeprecationWarning: The `push_connection` function is deprecated. Pass the `connection` explicitly instead.
  warnings.warn(
/home/iguanya/nurses/env/lib/python3.10/site-packages/rq/connections.py:72: DeprecationWarning: The `pop_connection` function is deprecated. Pass the `connection` explicitly instead.
  warnings.warn(
/home/iguanya/nurses/env/lib/python3.10/site-packages/rq/connections.py:58: DeprecationWarning: The `push_connection` function is deprecated. Pass the `connection` explicitly instead.
  warnings.warn(
/home/iguanya/nurses/env/lib/python3.10/site-packages/rq/connections.py:72: DeprecationWarning: The `pop_connection` function is deprecated. Pass the `connection` explicitly instead.
  warnings.warn(
/home/iguanya/nurses/env/lib/python3.10/site-packages/rq/connections.py:58: DeprecationWarning: The `push_connection` function is deprecated. Pass the `connection` explicitly instead.
  warnings.warn(
/home/iguanya/nurses/env/lib/python3.10/site-packages/rq/connections.py:72: DeprecationWarning: The `pop_connection` function is deprecated. Pass the `connection` explicitly instead.
  warnings.warn(
/home/iguanya/nurses/env/lib/python3.10/site-packages/rq/connections.py:58: DeprecationWarning: The `push_connection` function is deprecated. Pass the `connection` explicitly instead.
  warnings.warn(
/home/iguanya/nurses/env/lib/python3.10/site-packages/rq/connections.py:72: DeprecationWarning: The `pop_connection` function is deprecated. Pass the `connection` explicitly instead.
  warnings.warn(
/home/iguanya/nurses/env/lib/python3.10/site-packages/rq/connections.py:58: DeprecationWarning: The `push_connection` function is deprecated. Pass the `connection` explicitly instead.
  warnings.warn(
/home/iguanya/nurses/env/lib/python3.10/site-packages/rq/connections.py:72: DeprecationWarning: The `pop_connection` function is deprecated. Pass the `connection` explicitly instead.
  warnings.warn(
/home/iguanya/nurses/env/lib/python3.10/site-packages/rq/connections.py:58: DeprecationWarning: The `push_connection` function is deprecated. Pass the `connection` explicitly instead.
  warnings.warn(
/home/iguanya/nurses/env/lib/python3.10/site-packages/rq/connections.py:72: DeprecationWarning: The `pop_connection` function is deprecated. Pass the `connection` explicitly instead.
  warnings.warn(
/home/iguanya/nurses/env/lib/python3.10/site-packages/rq/connections.py:58: DeprecationWarning: The `push_connection` function is deprecated. Pass the `connection` explicitly instead.
  warnings.warn(
/home/iguanya/nurses/env/lib/python3.10/site-packages/rq/connections.py:72: DeprecationWarning: The `pop_connection` function is deprecated. Pass the `connection` explicitly instead.
  warnings.warn(
/home/iguanya/nurses/env/lib/python3.10/site-packages/rq/connections.py:58: DeprecationWarning: The `push_connection` function is deprecated. Pass the `connection` explicitly instead.
  warnings.warn(
/home/iguanya/nurses/env/lib/python3.10/site-packages/rq/connections.py:72: DeprecationWarning: The `pop_connection` function is deprecated. Pass the `connection` explicitly instead.
  warnings.warn(
/home/iguanya/nurses/env/lib/python3.10/site-packages/rq/connections.py:58: DeprecationWarning: The `push_connection` function is deprecated. Pass the `connection` explicitly instead.
  warnings.warn(
/home/iguanya/nurses/env/lib/python3.10/site-packages/rq/connections.py:72: DeprecationWarning: The `pop_connection` function is deprecated. Pass the `connection` explicitly instead.
  warnings.warn(
/home/iguanya/nurses/env/lib/python3.10/site-packages/rq/connections.py:58: DeprecationWarning: The `push_connection` function is deprecated. Pass the `connection` explicitly instead.
  warnings.warn(
/home/iguanya/nurses/env/lib/python3.10/site-packages/rq/connections.py:72: DeprecationWarning: The `pop_connection` function is deprecated. Pass the `connection` explicitly instead.
  warnings.warn(
/home/iguanya/nurses/env/lib/python3.10/site-packages/rq/connections.py:58: DeprecationWarning: The `push_connection` function is deprecated. Pass the `connection` explicitly instead.
  warnings.warn(
/home/iguanya/nurses/env/lib/python3.10/site-packages/rq/connections.py:72: DeprecationWarning: The `pop_connection` function is deprecated. Pass the `connection` explicitly instead.
  warnings.warn(
/home/iguanya/nurses/env/lib/python3.10/site-packages/rq/connections.py:58: DeprecationWarning: The `push_connection` function is deprecated. Pass the `connection` explicitly instead.
  warnings.warn(
/home/iguanya/nurses/env/lib/python3.10/site-packages/rq/connections.py:72: DeprecationWarning: The `pop_connection` function is deprecated. Pass the `connection` explicitly instead.
  warnings.warn(
/home/iguanya/nurses/env/lib/python3.10/site-packages/rq/connections.py:58: DeprecationWarning: The `push_connection` function is deprecated. Pass the `connection` explicitly instead.
  warnings.warn(
/home/iguanya/nurses/env/lib/python3.10/site-packages/rq/connections.py:72: DeprecationWarning: The `pop_connection` function is deprecated. Pass the `connection` explicitly instead.
  warnings.warn(
/home/iguanya/nurses/env/lib/python3.10/site-packages/rq/connections.py:58: DeprecationWarning: The `push_connection` function is deprecated. Pass the `connection` explicitly instead.
  warnings.warn(
/home/iguanya/nurses/env/lib/python3.10/site-packages/rq/connections.py:72: DeprecationWarning: The `pop_connection` function is deprecated. Pass the `connection` explicitly instead.
  warnings.warn(
/home/iguanya/nurses/env/lib/python3.10/site-packages/rq/connections.py:58: DeprecationWarning: The `push_connection` function is deprecated. Pass the `connection` explicitly instead.
  warnings.warn(
/home/iguanya/nurses/env/lib/python3.10/site-packages/rq/connections.py:72: DeprecationWarning: The `pop_connection` function is deprecated. Pass the `connection` explicitly instead.
  warnings.warn(
/home/iguanya/nurses/env/lib/python3.10/site-packages/rq/connections.py:58: DeprecationWarning: The `push_connection` function is deprecated. Pass the `connection` explicitly instead.
  warnings.warn(
/home/iguanya/nurses/env/lib/python3.10/site-packages/rq/connections.py:72: DeprecationWarning: The `pop_connection` function is deprecated. Pass the `connection` explicitly instead.
  warnings.warn(
/home/iguanya/nurses/env/lib/python3.10/site-packages/rq/connections.py:58: DeprecationWarning: The `push_connection` function is deprecated. Pass the `connection` explicitly instead.
  warnings.warn(
/home/iguanya/nurses/env/lib/python3.10/site-packages/rq/connections.py:72: DeprecationWarning: The `pop_connection` function is deprecated. Pass the `connection` explicitly instead.
  warnings.warn(
/home/iguanya/nurses/env/lib/python3.10/site-packages/rq/connections.py:58: DeprecationWarning: The `push_connection` function is deprecated. Pass the `connection` explicitly instead.
  warnings.warn(
/home/iguanya/nurses/env/lib/python3.10/site-packages/rq/connections.py:72: DeprecationWarning: The `pop_connection` function is deprecated. Pass the `connection` explicitly instead.
  warnings.warn(
/home/iguanya/nurses/env/lib/python3.10/site-packages/rq/connections.py:58: DeprecationWarning: The `push_connection` function is deprecated. Pass the `connection` explicitly instead.
  warnings.warn(
/home/iguanya/nurses/env/lib/python3.10/site-packages/dropbox/session.py:1: DeprecationWarning: pkg_resources is deprecated as an API. See https://setuptools.pypa.io/en/latest/pkg_resources.html
  import pkg_resources
/home/iguanya/nurses/env/lib/python3.10/site-packages/pkg_resources/__init__.py:2846: DeprecationWarning: Deprecated call to `pkg_resources.declare_namespace('google')`.
Implementing implicit namespace packages (as specified in PEP 420) is preferred to `pkg_resources.declare_namespace`. See https://setuptools.pypa.io/en/latest/references/keywords.html#keyword-namespace-packages
  declare_namespace(pkg)
/home/iguanya/nurses/env/lib/python3.10/site-packages/pkg_resources/__init__.py:2846: DeprecationWarning: Deprecated call to `pkg_resources.declare_namespace('google')`.
Implementing implicit namespace packages (as specified in PEP 420) is preferred to `pkg_resources.declare_namespace`. See https://setuptools.pypa.io/en/latest/references/keywords.html#keyword-namespace-packages
  declare_namespace(pkg)
/home/iguanya/nurses/env/lib/python3.10/site-packages/pkg_resources/__init__.py:2846: DeprecationWarning: Deprecated call to `pkg_resources.declare_namespace('google')`.
Implementing implicit namespace packages (as specified in PEP 420) is preferred to `pkg_resources.declare_namespace`. See https://setuptools.pypa.io/en/latest/references/keywords.html#keyword-namespace-packages
  declare_namespace(pkg)
/home/iguanya/nurses/env/lib/python3.10/site-packages/rq/connections.py:72: DeprecationWarning: The `pop_connection` function is deprecated. Pass the `connection` explicitly instead.
  warnings.warn(
Exception in thread Thread-1:
Traceback (most recent call last):
  File "/usr/lib/python3.10/threading.py", line 1016, in _bootstrap_inner
    self.run()
  File "/home/iguanya/nurses/env/lib/python3.10/site-packages/redis/client.py", line 1162, in run
    pubsub.get_message(ignore_subscribe_messages=True, timeout=sleep_time)
  File "/home/iguanya/nurses/env/lib/python3.10/site-packages/redis/client.py", line 1024, in get_message
    response = self.parse_response(block=(timeout is None), timeout=timeout)
  File "/home/iguanya/nurses/env/lib/python3.10/site-packages/redis/client.py", line 835, in parse_response
    response = self._execute(conn, try_read)
  File "/home/iguanya/nurses/env/lib/python3.10/site-packages/redis/client.py", line 811, in _execute
    return conn.retry.call_with_retry(
  File "/home/iguanya/nurses/env/lib/python3.10/site-packages/redis/retry.py", line 49, in call_with_retry
    fail(error)
  File "/home/iguanya/nurses/env/lib/python3.10/site-packages/redis/client.py", line 813, in <lambda>
    lambda error: self._disconnect_raise_connect(conn, error),
  File "/home/iguanya/nurses/env/lib/python3.10/site-packages/redis/client.py", line 800, in _disconnect_raise_connect
    raise error
  File "/home/iguanya/nurses/env/lib/python3.10/site-packages/redis/retry.py", line 46, in call_with_retry
    return do()
  File "/home/iguanya/nurses/env/lib/python3.10/site-packages/redis/client.py", line 812, in <lambda>
    lambda: command(*args, **kwargs),
  File "/home/iguanya/nurses/env/lib/python3.10/site-packages/redis/client.py", line 829, in try_read
    if not conn.can_read(timeout=timeout):
  File "/home/iguanya/nurses/env/lib/python3.10/site-packages/redis/connection.py", line 490, in can_read
    return self._parser.can_read(timeout)
  File "/home/iguanya/nurses/env/lib/python3.10/site-packages/redis/_parsers/hiredis.py", line 75, in can_read
    return self.read_from_socket(timeout=timeout, raise_on_timeout=False)
  File "/home/iguanya/nurses/env/lib/python3.10/site-packages/redis/_parsers/hiredis.py", line 86, in read_from_socket
    raise ConnectionError(SERVER_CLOSED_CONNECTION_ERROR)
redis.exceptions.ConnectionError: Connection closed by server.
Traceback (most recent call last):
  File "/home/iguanya/nurses/env/lib/python3.10/site-packages/redis/connection.py", line 276, in connect
    sock = self.retry.call_with_retry(
  File "/home/iguanya/nurses/env/lib/python3.10/site-packages/redis/retry.py", line 46, in call_with_retry
    return do()
  File "/home/iguanya/nurses/env/lib/python3.10/site-packages/redis/connection.py", line 277, in <lambda>
    lambda: self._connect(), lambda error: self.disconnect(error)
  File "/home/iguanya/nurses/env/lib/python3.10/site-packages/redis/connection.py", line 639, in _connect
    raise err
  File "/home/iguanya/nurses/env/lib/python3.10/site-packages/redis/connection.py", line 627, in _connect
    sock.connect(socket_address)
ConnectionRefusedError: [Errno 111] Connection refused

During handling of the above exception, another exception occurred:

Traceback (most recent call last):
  File "/usr/lib/python3.10/runpy.py", line 196, in _run_module_as_main
    return _run_code(code, main_globals, None,
  File "/usr/lib/python3.10/runpy.py", line 86, in _run_code
    exec(code, run_globals)
  File "/home/iguanya/nurses/apps/frappe/frappe/utils/bench_helper.py", line 128, in <module>
    main()
  File "/home/iguanya/nurses/apps/frappe/frappe/utils/bench_helper.py", line 34, in main
    FrappeCommandGroup(commands=commands)(prog_name="bench")
  File "/home/iguanya/nurses/env/lib/python3.10/site-packages/click/core.py", line 1157, in __call__
    return self.main(*args, **kwargs)
  File "/home/iguanya/nurses/env/lib/python3.10/site-packages/click/core.py", line 1078, in main
    rv = self.invoke(ctx)
  File "/home/iguanya/nurses/env/lib/python3.10/site-packages/click/core.py", line 1688, in invoke
    return _process_result(sub_ctx.command.invoke(sub_ctx))
  File "/home/iguanya/nurses/env/lib/python3.10/site-packages/click/core.py", line 1688, in invoke
    return _process_result(sub_ctx.command.invoke(sub_ctx))
  File "/home/iguanya/nurses/env/lib/python3.10/site-packages/click/core.py", line 1434, in invoke
    return ctx.invoke(self.callback, **ctx.params)
  File "/home/iguanya/nurses/env/lib/python3.10/site-packages/click/core.py", line 783, in invoke
    return __callback(*args, **kwargs)
  File "/home/iguanya/nurses/apps/frappe/frappe/commands/scheduler.py", line 202, in start_worker
    start_worker(
  File "/home/iguanya/nurses/apps/frappe/frappe/utils/background_jobs.py", line 305, in start_worker
    worker.work(
  File "/home/iguanya/nurses/env/lib/python3.10/site-packages/rq/worker.py", line 456, in work
    self.teardown()
  File "/home/iguanya/nurses/env/lib/python3.10/site-packages/rq/worker.py", line 1047, in teardown
    self.unsubscribe()
  File "/home/iguanya/nurses/env/lib/python3.10/site-packages/rq/worker.py", line 624, in unsubscribe
    self.pubsub.unsubscribe()
  File "/home/iguanya/nurses/env/lib/python3.10/site-packages/redis/client.py", line 952, in unsubscribe
    return self.execute_command("UNSUBSCRIBE", *args)
  File "/home/iguanya/nurses/env/lib/python3.10/site-packages/redis/client.py", line 768, in execute_command
    self._execute(connection, connection.send_command, *args, **kwargs)
  File "/home/iguanya/nurses/env/lib/python3.10/site-packages/redis/client.py", line 811, in _execute
    return conn.retry.call_with_retry(
  File "/home/iguanya/nurses/env/lib/python3.10/site-packages/redis/retry.py", line 49, in call_with_retry
    fail(error)
  File "/home/iguanya/nurses/env/lib/python3.10/site-packages/redis/client.py", line 813, in <lambda>
    lambda error: self._disconnect_raise_connect(conn, error),
  File "/home/iguanya/nurses/env/lib/python3.10/site-packages/redis/client.py", line 800, in _disconnect_raise_connect
    raise error
  File "/home/iguanya/nurses/env/lib/python3.10/site-packages/redis/retry.py", line 46, in call_with_retry
    return do()
  File "/home/iguanya/nurses/env/lib/python3.10/site-packages/redis/client.py", line 812, in <lambda>
    lambda: command(*args, **kwargs),
  File "/home/iguanya/nurses/env/lib/python3.10/site-packages/redis/connection.py", line 476, in send_command
    self.send_packed_command(
  File "/home/iguanya/nurses/env/lib/python3.10/site-packages/redis/connection.py", line 446, in send_packed_command
    self.connect()
  File "/home/iguanya/nurses/env/lib/python3.10/site-packages/redis/connection.py", line 282, in connect
    raise ConnectionError(self._error_message(e))
redis.exceptions.ConnectionError: Error 111 connecting to 127.0.0.1:11005. Connection refused.
Exception in thread Thread-1:
Traceback (most recent call last):
  File "/usr/lib/python3.10/threading.py", line 1016, in _bootstrap_inner
    self.run()
  File "/home/iguanya/nurses/env/lib/python3.10/site-packages/redis/client.py", line 1162, in run
    pubsub.get_message(ignore_subscribe_messages=True, timeout=sleep_time)
  File "/home/iguanya/nurses/env/lib/python3.10/site-packages/redis/client.py", line 1024, in get_message
    response = self.parse_response(block=(timeout is None), timeout=timeout)
  File "/home/iguanya/nurses/env/lib/python3.10/site-packages/redis/client.py", line 835, in parse_response
    response = self._execute(conn, try_read)
  File "/home/iguanya/nurses/env/lib/python3.10/site-packages/redis/client.py", line 811, in _execute
    return conn.retry.call_with_retry(
  File "/home/iguanya/nurses/env/lib/python3.10/site-packages/redis/retry.py", line 49, in call_with_retry
    fail(error)
  File "/home/iguanya/nurses/env/lib/python3.10/site-packages/redis/client.py", line 813, in <lambda>
    lambda error: self._disconnect_raise_connect(conn, error),
  File "/home/iguanya/nurses/env/lib/python3.10/site-packages/redis/client.py", line 800, in _disconnect_raise_connect
    raise error
  File "/home/iguanya/nurses/env/lib/python3.10/site-packages/redis/retry.py", line 46, in call_with_retry
    return do()
  File "/home/iguanya/nurses/env/lib/python3.10/site-packages/redis/client.py", line 812, in <lambda>
    lambda: command(*args, **kwargs),
  File "/home/iguanya/nurses/env/lib/python3.10/site-packages/redis/client.py", line 829, in try_read
    if not conn.can_read(timeout=timeout):
  File "/home/iguanya/nurses/env/lib/python3.10/site-packages/redis/connection.py", line 490, in can_read
    return self._parser.can_read(timeout)
  File "/home/iguanya/nurses/env/lib/python3.10/site-packages/redis/_parsers/hiredis.py", line 75, in can_read
    return self.read_from_socket(timeout=timeout, raise_on_timeout=False)
  File "/home/iguanya/nurses/env/lib/python3.10/site-packages/redis/_parsers/hiredis.py", line 86, in read_from_socket
    raise ConnectionError(SERVER_CLOSED_CONNECTION_ERROR)
redis.exceptions.ConnectionError: Connection closed by server.
Traceback (most recent call last):
  File "/home/iguanya/nurses/env/lib/python3.10/site-packages/redis/connection.py", line 276, in connect
    sock = self.retry.call_with_retry(
  File "/home/iguanya/nurses/env/lib/python3.10/site-packages/redis/retry.py", line 46, in call_with_retry
    return do()
  File "/home/iguanya/nurses/env/lib/python3.10/site-packages/redis/connection.py", line 277, in <lambda>
    lambda: self._connect(), lambda error: self.disconnect(error)
  File "/home/iguanya/nurses/env/lib/python3.10/site-packages/redis/connection.py", line 639, in _connect
    raise err
  File "/home/iguanya/nurses/env/lib/python3.10/site-packages/redis/connection.py", line 627, in _connect
    sock.connect(socket_address)
ConnectionRefusedError: [Errno 111] Connection refused

During handling of the above exception, another exception occurred:

Traceback (most recent call last):
  File "/usr/lib/python3.10/runpy.py", line 196, in _run_module_as_main
    return _run_code(code, main_globals, None,
  File "/usr/lib/python3.10/runpy.py", line 86, in _run_code
    exec(code, run_globals)
  File "/home/iguanya/nurses/apps/frappe/frappe/utils/bench_helper.py", line 128, in <module>
    main()
  File "/home/iguanya/nurses/apps/frappe/frappe/utils/bench_helper.py", line 34, in main
    FrappeCommandGroup(commands=commands)(prog_name="bench")
  File "/home/iguanya/nurses/env/lib/python3.10/site-packages/click/core.py", line 1157, in __call__
    return self.main(*args, **kwargs)
  File "/home/iguanya/nurses/env/lib/python3.10/site-packages/click/core.py", line 1078, in main
    rv = self.invoke(ctx)
  File "/home/iguanya/nurses/env/lib/python3.10/site-packages/click/core.py", line 1688, in invoke
    return _process_result(sub_ctx.command.invoke(sub_ctx))
  File "/home/iguanya/nurses/env/lib/python3.10/site-packages/click/core.py", line 1688, in invoke
    return _process_result(sub_ctx.command.invoke(sub_ctx))
  File "/home/iguanya/nurses/env/lib/python3.10/site-packages/click/core.py", line 1434, in invoke
    return ctx.invoke(self.callback, **ctx.params)
  File "/home/iguanya/nurses/env/lib/python3.10/site-packages/click/core.py", line 783, in invoke
    return __callback(*args, **kwargs)
  File "/home/iguanya/nurses/apps/frappe/frappe/commands/scheduler.py", line 202, in start_worker
    start_worker(
  File "/home/iguanya/nurses/apps/frappe/frappe/utils/background_jobs.py", line 305, in start_worker
    worker.work(
  File "/home/iguanya/nurses/env/lib/python3.10/site-packages/rq/worker.py", line 456, in work
    self.teardown()
  File "/home/iguanya/nurses/env/lib/python3.10/site-packages/rq/worker.py", line 1047, in teardown
    self.unsubscribe()
  File "/home/iguanya/nurses/env/lib/python3.10/site-packages/rq/worker.py", line 624, in unsubscribe
    self.pubsub.unsubscribe()
  File "/home/iguanya/nurses/env/lib/python3.10/site-packages/redis/client.py", line 952, in unsubscribe
    return self.execute_command("UNSUBSCRIBE", *args)
  File "/home/iguanya/nurses/env/lib/python3.10/site-packages/redis/client.py", line 768, in execute_command
    self._execute(connection, connection.send_command, *args, **kwargs)
  File "/home/iguanya/nurses/env/lib/python3.10/site-packages/redis/client.py", line 811, in _execute
    return conn.retry.call_with_retry(
  File "/home/iguanya/nurses/env/lib/python3.10/site-packages/redis/retry.py", line 49, in call_with_retry
    fail(error)
  File "/home/iguanya/nurses/env/lib/python3.10/site-packages/redis/client.py", line 813, in <lambda>
    lambda error: self._disconnect_raise_connect(conn, error),
  File "/home/iguanya/nurses/env/lib/python3.10/site-packages/redis/client.py", line 800, in _disconnect_raise_connect
    raise error
  File "/home/iguanya/nurses/env/lib/python3.10/site-packages/redis/retry.py", line 46, in call_with_retry
    return do()
  File "/home/iguanya/nurses/env/lib/python3.10/site-packages/redis/client.py", line 812, in <lambda>
    lambda: command(*args, **kwargs),
  File "/home/iguanya/nurses/env/lib/python3.10/site-packages/redis/connection.py", line 476, in send_command
    self.send_packed_command(
  File "/home/iguanya/nurses/env/lib/python3.10/site-packages/redis/connection.py", line 446, in send_packed_command
    self.connect()
  File "/home/iguanya/nurses/env/lib/python3.10/site-packages/redis/connection.py", line 282, in connect
    raise ConnectionError(self._error_message(e))
redis.exceptions.ConnectionError: Error 111 connecting to 127.0.0.1:11005. Connection refused.
/home/iguanya/nurses/env/lib/python3.10/site-packages/rq/connections.py:58: DeprecationWarning: The `push_connection` function is deprecated. Pass the `connection` explicitly instead.
  warnings.warn(
/home/iguanya/nurses/env/lib/python3.10/site-packages/googleapiclient/model.py:30: DeprecationWarning: pkg_resources is deprecated as an API. See https://setuptools.pypa.io/en/latest/pkg_resources.html
  import pkg_resources
/home/iguanya/nurses/env/lib/python3.10/site-packages/pkg_resources/__init__.py:2846: DeprecationWarning: Deprecated call to `pkg_resources.declare_namespace('google')`.
Implementing implicit namespace packages (as specified in PEP 420) is preferred to `pkg_resources.declare_namespace`. See https://setuptools.pypa.io/en/latest/references/keywords.html#keyword-namespace-packages
  declare_namespace(pkg)
/home/iguanya/nurses/env/lib/python3.10/site-packages/pkg_resources/__init__.py:2846: DeprecationWarning: Deprecated call to `pkg_resources.declare_namespace('google')`.
Implementing implicit namespace packages (as specified in PEP 420) is preferred to `pkg_resources.declare_namespace`. See https://setuptools.pypa.io/en/latest/references/keywords.html#keyword-namespace-packages
  declare_namespace(pkg)
/home/iguanya/nurses/env/lib/python3.10/site-packages/pkg_resources/__init__.py:2846: DeprecationWarning: Deprecated call to `pkg_resources.declare_namespace('google')`.
Implementing implicit namespace packages (as specified in PEP 420) is preferred to `pkg_resources.declare_namespace`. See https://setuptools.pypa.io/en/latest/references/keywords.html#keyword-namespace-packages
  declare_namespace(pkg)
/home/iguanya/nurses/env/lib/python3.10/site-packages/rq/connections.py:72: DeprecationWarning: The `pop_connection` function is deprecated. Pass the `connection` explicitly instead.
  warnings.warn(
/home/iguanya/nurses/env/lib/python3.10/site-packages/rq/connections.py:58: DeprecationWarning: The `push_connection` function is deprecated. Pass the `connection` explicitly instead.
  warnings.warn(
/home/iguanya/nurses/env/lib/python3.10/site-packages/rq/connections.py:72: DeprecationWarning: The `pop_connection` function is deprecated. Pass the `connection` explicitly instead.
  warnings.warn(
/home/iguanya/nurses/env/lib/python3.10/site-packages/rq/connections.py:58: DeprecationWarning: The `push_connection` function is deprecated. Pass the `connection` explicitly instead.
  warnings.warn(
/home/iguanya/nurses/env/lib/python3.10/site-packages/rq/connections.py:72: DeprecationWarning: The `pop_connection` function is deprecated. Pass the `connection` explicitly instead.
  warnings.warn(
/home/iguanya/nurses/env/lib/python3.10/site-packages/rq/connections.py:58: DeprecationWarning: The `push_connection` function is deprecated. Pass the `connection` explicitly instead.
  warnings.warn(
/home/iguanya/nurses/env/lib/python3.10/site-packages/googleapiclient/model.py:30: DeprecationWarning: pkg_resources is deprecated as an API. See https://setuptools.pypa.io/en/latest/pkg_resources.html
  import pkg_resources
/home/iguanya/nurses/env/lib/python3.10/site-packages/pkg_resources/__init__.py:2846: DeprecationWarning: Deprecated call to `pkg_resources.declare_namespace('google')`.
Implementing implicit namespace packages (as specified in PEP 420) is preferred to `pkg_resources.declare_namespace`. See https://setuptools.pypa.io/en/latest/references/keywords.html#keyword-namespace-packages
  declare_namespace(pkg)
/home/iguanya/nurses/env/lib/python3.10/site-packages/pkg_resources/__init__.py:2846: DeprecationWarning: Deprecated call to `pkg_resources.declare_namespace('google')`.
Implementing implicit namespace packages (as specified in PEP 420) is preferred to `pkg_resources.declare_namespace`. See https://setuptools.pypa.io/en/latest/references/keywords.html#keyword-namespace-packages
  declare_namespace(pkg)
/home/iguanya/nurses/env/lib/python3.10/site-packages/pkg_resources/__init__.py:2846: DeprecationWarning: Deprecated call to `pkg_resources.declare_namespace('google')`.
Implementing implicit namespace packages (as specified in PEP 420) is preferred to `pkg_resources.declare_namespace`. See https://setuptools.pypa.io/en/latest/references/keywords.html#keyword-namespace-packages
  declare_namespace(pkg)
/home/iguanya/nurses/env/lib/python3.10/site-packages/rq/connections.py:72: DeprecationWarning: The `pop_connection` function is deprecated. Pass the `connection` explicitly instead.
  warnings.warn(
/home/iguanya/nurses/env/lib/python3.10/site-packages/rq/connections.py:58: DeprecationWarning: The `push_connection` function is deprecated. Pass the `connection` explicitly instead.
  warnings.warn(
/home/iguanya/nurses/env/lib/python3.10/site-packages/rq/connections.py:72: DeprecationWarning: The `pop_connection` function is deprecated. Pass the `connection` explicitly instead.
  warnings.warn(
/home/iguanya/nurses/env/lib/python3.10/site-packages/rq/connections.py:58: DeprecationWarning: The `push_connection` function is deprecated. Pass the `connection` explicitly instead.
  warnings.warn(
/home/iguanya/nurses/env/lib/python3.10/site-packages/rq/connections.py:72: DeprecationWarning: The `pop_connection` function is deprecated. Pass the `connection` explicitly instead.
  warnings.warn(
/home/iguanya/nurses/env/lib/python3.10/site-packages/rq/connections.py:58: DeprecationWarning: The `push_connection` function is deprecated. Pass the `connection` explicitly instead.
  warnings.warn(
/home/iguanya/nurses/env/lib/python3.10/site-packages/rq/connections.py:72: DeprecationWarning: The `pop_connection` function is deprecated. Pass the `connection` explicitly instead.
  warnings.warn(
/home/iguanya/nurses/env/lib/python3.10/site-packages/rq/connections.py:58: DeprecationWarning: The `push_connection` function is deprecated. Pass the `connection` explicitly instead.
  warnings.warn(
/home/iguanya/nurses/env/lib/python3.10/site-packages/rq/connections.py:72: DeprecationWarning: The `pop_connection` function is deprecated. Pass the `connection` explicitly instead.
  warnings.warn(
/home/iguanya/nurses/env/lib/python3.10/site-packages/rq/connections.py:58: DeprecationWarning: The `push_connection` function is deprecated. Pass the `connection` explicitly instead.
  warnings.warn(
/home/iguanya/nurses/env/lib/python3.10/site-packages/rq/connections.py:72: DeprecationWarning: The `pop_connection` function is deprecated. Pass the `connection` explicitly instead.
  warnings.warn(
/home/iguanya/nurses/env/lib/python3.10/site-packages/rq/connections.py:58: DeprecationWarning: The `push_connection` function is deprecated. Pass the `connection` explicitly instead.
  warnings.warn(
/home/iguanya/nurses/env/lib/python3.10/site-packages/rq/connections.py:72: DeprecationWarning: The `pop_connection` function is deprecated. Pass the `connection` explicitly instead.
  warnings.warn(
/home/iguanya/nurses/env/lib/python3.10/site-packages/rq/connections.py:58: DeprecationWarning: The `push_connection` function is deprecated. Pass the `connection` explicitly instead.
  warnings.warn(
/home/iguanya/nurses/env/lib/python3.10/site-packages/rq/connections.py:72: DeprecationWarning: The `pop_connection` function is deprecated. Pass the `connection` explicitly instead.
  warnings.warn(
/home/iguanya/nurses/env/lib/python3.10/site-packages/rq/connections.py:58: DeprecationWarning: The `push_connection` function is deprecated. Pass the `connection` explicitly instead.
  warnings.warn(
/home/iguanya/nurses/env/lib/python3.10/site-packages/rq/connections.py:72: DeprecationWarning: The `pop_connection` function is deprecated. Pass the `connection` explicitly instead.
  warnings.warn(
/home/iguanya/nurses/env/lib/python3.10/site-packages/rq/connections.py:58: DeprecationWarning: The `push_connection` function is deprecated. Pass the `connection` explicitly instead.
  warnings.warn(
/home/iguanya/nurses/env/lib/python3.10/site-packages/rq/connections.py:72: DeprecationWarning: The `pop_connection` function is deprecated. Pass the `connection` explicitly instead.
  warnings.warn(
/home/iguanya/nurses/env/lib/python3.10/site-packages/rq/connections.py:58: DeprecationWarning: The `push_connection` function is deprecated. Pass the `connection` explicitly instead.
  warnings.warn(
/home/iguanya/nurses/env/lib/python3.10/site-packages/googleapiclient/model.py:30: DeprecationWarning: pkg_resources is deprecated as an API. See https://setuptools.pypa.io/en/latest/pkg_resources.html
  import pkg_resources
/home/iguanya/nurses/env/lib/python3.10/site-packages/pkg_resources/__init__.py:2846: DeprecationWarning: Deprecated call to `pkg_resources.declare_namespace('google')`.
Implementing implicit namespace packages (as specified in PEP 420) is preferred to `pkg_resources.declare_namespace`. See https://setuptools.pypa.io/en/latest/references/keywords.html#keyword-namespace-packages
  declare_namespace(pkg)
/home/iguanya/nurses/env/lib/python3.10/site-packages/pkg_resources/__init__.py:2846: DeprecationWarning: Deprecated call to `pkg_resources.declare_namespace('google')`.
Implementing implicit namespace packages (as specified in PEP 420) is preferred to `pkg_resources.declare_namespace`. See https://setuptools.pypa.io/en/latest/references/keywords.html#keyword-namespace-packages
  declare_namespace(pkg)
/home/iguanya/nurses/env/lib/python3.10/site-packages/pkg_resources/__init__.py:2846: DeprecationWarning: Deprecated call to `pkg_resources.declare_namespace('google')`.
Implementing implicit namespace packages (as specified in PEP 420) is preferred to `pkg_resources.declare_namespace`. See https://setuptools.pypa.io/en/latest/references/keywords.html#keyword-namespace-packages
  declare_namespace(pkg)
/home/iguanya/nurses/env/lib/python3.10/site-packages/rq/connections.py:72: DeprecationWarning: The `pop_connection` function is deprecated. Pass the `connection` explicitly instead.
  warnings.warn(
/home/iguanya/nurses/env/lib/python3.10/site-packages/rq/connections.py:58: DeprecationWarning: The `push_connection` function is deprecated. Pass the `connection` explicitly instead.
  warnings.warn(
/home/iguanya/nurses/env/lib/python3.10/site-packages/rq/connections.py:72: DeprecationWarning: The `pop_connection` function is deprecated. Pass the `connection` explicitly instead.
  warnings.warn(
/home/iguanya/nurses/env/lib/python3.10/site-packages/rq/connections.py:58: DeprecationWarning: The `push_connection` function is deprecated. Pass the `connection` explicitly instead.
  warnings.warn(
/home/iguanya/nurses/env/lib/python3.10/site-packages/rq/connections.py:72: DeprecationWarning: The `pop_connection` function is deprecated. Pass the `connection` explicitly instead.
  warnings.warn(
/home/iguanya/nurses/env/lib/python3.10/site-packages/rq/connections.py:58: DeprecationWarning: The `push_connection` function is deprecated. Pass the `connection` explicitly instead.
  warnings.warn(
/home/iguanya/nurses/env/lib/python3.10/site-packages/rq/connections.py:72: DeprecationWarning: The `pop_connection` function is deprecated. Pass the `connection` explicitly instead.
  warnings.warn(
/home/iguanya/nurses/env/lib/python3.10/site-packages/rq/connections.py:58: DeprecationWarning: The `push_connection` function is deprecated. Pass the `connection` explicitly instead.
  warnings.warn(
/home/iguanya/nurses/env/lib/python3.10/site-packages/rq/connections.py:72: DeprecationWarning: The `pop_connection` function is deprecated. Pass the `connection` explicitly instead.
  warnings.warn(
/home/iguanya/nurses/env/lib/python3.10/site-packages/rq/connections.py:58: DeprecationWarning: The `push_connection` function is deprecated. Pass the `connection` explicitly instead.
  warnings.warn(
/home/iguanya/nurses/env/lib/python3.10/site-packages/rq/connections.py:72: DeprecationWarning: The `pop_connection` function is deprecated. Pass the `connection` explicitly instead.
  warnings.warn(
/home/iguanya/nurses/env/lib/python3.10/site-packages/rq/connections.py:58: DeprecationWarning: The `push_connection` function is deprecated. Pass the `connection` explicitly instead.
  warnings.warn(
Exception in thread Thread-1:
Traceback (most recent call last):
  File "/usr/lib/python3.10/threading.py", line 1016, in _bootstrap_inner
    self.run()
  File "/home/iguanya/nurses/env/lib/python3.10/site-packages/redis/client.py", line 1162, in run
    pubsub.get_message(ignore_subscribe_messages=True, timeout=sleep_time)
  File "/home/iguanya/nurses/env/lib/python3.10/site-packages/redis/client.py", line 1024, in get_message
    response = self.parse_response(block=(timeout is None), timeout=timeout)
  File "/home/iguanya/nurses/env/lib/python3.10/site-packages/redis/client.py", line 835, in parse_response
    response = self._execute(conn, try_read)
  File "/home/iguanya/nurses/env/lib/python3.10/site-packages/redis/client.py", line 811, in _execute
    return conn.retry.call_with_retry(
  File "/home/iguanya/nurses/env/lib/python3.10/site-packages/redis/retry.py", line 49, in call_with_retry
    fail(error)
  File "/home/iguanya/nurses/env/lib/python3.10/site-packages/redis/client.py", line 813, in <lambda>
    lambda error: self._disconnect_raise_connect(conn, error),
  File "/home/iguanya/nurses/env/lib/python3.10/site-packages/redis/client.py", line 800, in _disconnect_raise_connect
    raise error
  File "/home/iguanya/nurses/env/lib/python3.10/site-packages/redis/retry.py", line 46, in call_with_retry
    return do()
  File "/home/iguanya/nurses/env/lib/python3.10/site-packages/redis/client.py", line 812, in <lambda>
    lambda: command(*args, **kwargs),
  File "/home/iguanya/nurses/env/lib/python3.10/site-packages/redis/client.py", line 829, in try_read
    if not conn.can_read(timeout=timeout):
  File "/home/iguanya/nurses/env/lib/python3.10/site-packages/redis/connection.py", line 490, in can_read
    return self._parser.can_read(timeout)
  File "/home/iguanya/nurses/env/lib/python3.10/site-packages/redis/_parsers/hiredis.py", line 75, in can_read
    return self.read_from_socket(timeout=timeout, raise_on_timeout=False)
  File "/home/iguanya/nurses/env/lib/python3.10/site-packages/redis/_parsers/hiredis.py", line 86, in read_from_socket
    raise ConnectionError(SERVER_CLOSED_CONNECTION_ERROR)
redis.exceptions.ConnectionError: Connection closed by server.
2024-03-13 14:01:12,537 [Job nurses.com::scheduled_job::frappe.automation.doctype.reminder.reminder.send_reminders]: exception raised while executing (frappe.utils.background_jobs.execute_job)
Traceback (most recent call last):
  File "/home/iguanya/nurses/env/lib/python3.10/site-packages/redis/connection.py", line 1110, in get_connection
    if connection.can_read():
  File "/home/iguanya/nurses/env/lib/python3.10/site-packages/redis/connection.py", line 490, in can_read
    return self._parser.can_read(timeout)
  File "/home/iguanya/nurses/env/lib/python3.10/site-packages/redis/_parsers/hiredis.py", line 75, in can_read
    return self.read_from_socket(timeout=timeout, raise_on_timeout=False)
  File "/home/iguanya/nurses/env/lib/python3.10/site-packages/redis/_parsers/hiredis.py", line 86, in read_from_socket
    raise ConnectionError(SERVER_CLOSED_CONNECTION_ERROR)
redis.exceptions.ConnectionError: Connection closed by server.

During handling of the above exception, another exception occurred:

Traceback (most recent call last):
  File "/home/iguanya/nurses/env/lib/python3.10/site-packages/redis/connection.py", line 276, in connect
    sock = self.retry.call_with_retry(
  File "/home/iguanya/nurses/env/lib/python3.10/site-packages/redis/retry.py", line 46, in call_with_retry
    return do()
  File "/home/iguanya/nurses/env/lib/python3.10/site-packages/redis/connection.py", line 277, in <lambda>
    lambda: self._connect(), lambda error: self.disconnect(error)
  File "/home/iguanya/nurses/env/lib/python3.10/site-packages/redis/connection.py", line 639, in _connect
    raise err
  File "/home/iguanya/nurses/env/lib/python3.10/site-packages/redis/connection.py", line 627, in _connect
    sock.connect(socket_address)
ConnectionRefusedError: [Errno 111] Connection refused

During handling of the above exception, another exception occurred:

Traceback (most recent call last):
  File "/home/iguanya/nurses/env/lib/python3.10/site-packages/rq/worker.py", line 1437, in perform_job
    job.heartbeat(utcnow(), job.success_callback_timeout)
  File "/home/iguanya/nurses/env/lib/python3.10/site-packages/rq/job.py", line 722, in heartbeat
    connection.hset(self.key, 'last_heartbeat', utcformat(self.last_heartbeat))
  File "/home/iguanya/nurses/env/lib/python3.10/site-packages/redis/commands/core.py", line 5022, in hset
    return self.execute_command("HSET", name, *pieces)
  File "/home/iguanya/nurses/env/lib/python3.10/site-packages/redis/client.py", line 540, in execute_command
    conn = self.connection or pool.get_connection(command_name, **options)
  File "/home/iguanya/nurses/env/lib/python3.10/site-packages/redis/connection.py", line 1114, in get_connection
    connection.connect()
  File "/home/iguanya/nurses/env/lib/python3.10/site-packages/redis/connection.py", line 282, in connect
    raise ConnectionError(self._error_message(e))
redis.exceptions.ConnectionError: Error 111 connecting to 127.0.0.1:11005. Connection refused.

During handling of the above exception, another exception occurred:

Traceback (most recent call last):
  File "/home/iguanya/nurses/env/lib/python3.10/site-packages/redis/connection.py", line 276, in connect
    sock = self.retry.call_with_retry(
  File "/home/iguanya/nurses/env/lib/python3.10/site-packages/redis/retry.py", line 46, in call_with_retry
    return do()
  File "/home/iguanya/nurses/env/lib/python3.10/site-packages/redis/connection.py", line 277, in <lambda>
    lambda: self._connect(), lambda error: self.disconnect(error)
  File "/home/iguanya/nurses/env/lib/python3.10/site-packages/redis/connection.py", line 639, in _connect
    raise err
  File "/home/iguanya/nurses/env/lib/python3.10/site-packages/redis/connection.py", line 627, in _connect
    sock.connect(socket_address)
ConnectionRefusedError: [Errno 111] Connection refused

During handling of the above exception, another exception occurred:

Traceback (most recent call last):
  File "/home/iguanya/nurses/env/lib/python3.10/site-packages/rq/worker.py", line 1448, in perform_job
    job.heartbeat(utcnow(), job.failure_callback_timeout)
  File "/home/iguanya/nurses/env/lib/python3.10/site-packages/rq/job.py", line 722, in heartbeat
    connection.hset(self.key, 'last_heartbeat', utcformat(self.last_heartbeat))
  File "/home/iguanya/nurses/env/lib/python3.10/site-packages/redis/commands/core.py", line 5022, in hset
    return self.execute_command("HSET", name, *pieces)
  File "/home/iguanya/nurses/env/lib/python3.10/site-packages/redis/client.py", line 540, in execute_command
    conn = self.connection or pool.get_connection(command_name, **options)
  File "/home/iguanya/nurses/env/lib/python3.10/site-packages/redis/connection.py", line 1104, in get_connection
    connection.connect()
  File "/home/iguanya/nurses/env/lib/python3.10/site-packages/redis/connection.py", line 282, in connect
    raise ConnectionError(self._error_message(e))
redis.exceptions.ConnectionError: Error 111 connecting to 127.0.0.1:11005. Connection refused.

/home/iguanya/nurses/env/lib/python3.10/site-packages/rq/connections.py:72: DeprecationWarning: The `pop_connection` function is deprecated. Pass the `connection` explicitly instead.
  warnings.warn(
2024-03-13 14:01:12,546 Worker rq:worker:c7078550f5d74f93b1894f08abb4ae92: found an unhandled exception, quitting...
Traceback (most recent call last):
  File "/home/iguanya/nurses/env/lib/python3.10/site-packages/redis/connection.py", line 1110, in get_connection
    if connection.can_read():
  File "/home/iguanya/nurses/env/lib/python3.10/site-packages/redis/connection.py", line 490, in can_read
    return self._parser.can_read(timeout)
  File "/home/iguanya/nurses/env/lib/python3.10/site-packages/redis/_parsers/hiredis.py", line 75, in can_read
    return self.read_from_socket(timeout=timeout, raise_on_timeout=False)
  File "/home/iguanya/nurses/env/lib/python3.10/site-packages/redis/_parsers/hiredis.py", line 86, in read_from_socket
    raise ConnectionError(SERVER_CLOSED_CONNECTION_ERROR)
redis.exceptions.ConnectionError: Connection closed by server.

During handling of the above exception, another exception occurred:

Traceback (most recent call last):
  File "/home/iguanya/nurses/env/lib/python3.10/site-packages/redis/connection.py", line 276, in connect
    sock = self.retry.call_with_retry(
  File "/home/iguanya/nurses/env/lib/python3.10/site-packages/redis/retry.py", line 46, in call_with_retry
    return do()
  File "/home/iguanya/nurses/env/lib/python3.10/site-packages/redis/connection.py", line 277, in <lambda>
    lambda: self._connect(), lambda error: self.disconnect(error)
  File "/home/iguanya/nurses/env/lib/python3.10/site-packages/redis/connection.py", line 639, in _connect
    raise err
  File "/home/iguanya/nurses/env/lib/python3.10/site-packages/redis/connection.py", line 627, in _connect
    sock.connect(socket_address)
ConnectionRefusedError: [Errno 111] Connection refused

During handling of the above exception, another exception occurred:

Traceback (most recent call last):
  File "/home/iguanya/nurses/env/lib/python3.10/site-packages/rq/worker.py", line 432, in work
    self.execute_job(job, queue)
  File "/home/iguanya/nurses/env/lib/python3.10/site-packages/rq/worker.py", line 1273, in execute_job
    self.monitor_work_horse(job, queue)
  File "/home/iguanya/nurses/env/lib/python3.10/site-packages/rq/worker.py", line 1238, in monitor_work_horse
    self.set_current_job_working_time(0)
  File "/home/iguanya/nurses/env/lib/python3.10/site-packages/rq/worker.py", line 887, in set_current_job_working_time
    connection.hset(self.key, 'current_job_working_time', current_job_working_time)
  File "/home/iguanya/nurses/env/lib/python3.10/site-packages/redis/commands/core.py", line 5022, in hset
    return self.execute_command("HSET", name, *pieces)
  File "/home/iguanya/nurses/env/lib/python3.10/site-packages/redis/client.py", line 540, in execute_command
    conn = self.connection or pool.get_connection(command_name, **options)
  File "/home/iguanya/nurses/env/lib/python3.10/site-packages/redis/connection.py", line 1114, in get_connection
    connection.connect()
  File "/home/iguanya/nurses/env/lib/python3.10/site-packages/redis/connection.py", line 282, in connect
    raise ConnectionError(self._error_message(e))
redis.exceptions.ConnectionError: Error 111 connecting to 127.0.0.1:11005. Connection refused.
Traceback (most recent call last):
  File "/home/iguanya/nurses/env/lib/python3.10/site-packages/redis/connection.py", line 276, in connect
    sock = self.retry.call_with_retry(
  File "/home/iguanya/nurses/env/lib/python3.10/site-packages/redis/retry.py", line 46, in call_with_retry
    return do()
  File "/home/iguanya/nurses/env/lib/python3.10/site-packages/redis/connection.py", line 277, in <lambda>
    lambda: self._connect(), lambda error: self.disconnect(error)
  File "/home/iguanya/nurses/env/lib/python3.10/site-packages/redis/connection.py", line 639, in _connect
    raise err
  File "/home/iguanya/nurses/env/lib/python3.10/site-packages/redis/connection.py", line 627, in _connect
    sock.connect(socket_address)
ConnectionRefusedError: [Errno 111] Connection refused

During handling of the above exception, another exception occurred:

Traceback (most recent call last):
  File "/usr/lib/python3.10/runpy.py", line 196, in _run_module_as_main
    return _run_code(code, main_globals, None,
  File "/usr/lib/python3.10/runpy.py", line 86, in _run_code
    exec(code, run_globals)
  File "/home/iguanya/nurses/apps/frappe/frappe/utils/bench_helper.py", line 128, in <module>
    main()
  File "/home/iguanya/nurses/apps/frappe/frappe/utils/bench_helper.py", line 34, in main
    FrappeCommandGroup(commands=commands)(prog_name="bench")
  File "/home/iguanya/nurses/env/lib/python3.10/site-packages/click/core.py", line 1157, in __call__
    return self.main(*args, **kwargs)
  File "/home/iguanya/nurses/env/lib/python3.10/site-packages/click/core.py", line 1078, in main
    rv = self.invoke(ctx)
  File "/home/iguanya/nurses/env/lib/python3.10/site-packages/click/core.py", line 1688, in invoke
    return _process_result(sub_ctx.command.invoke(sub_ctx))
  File "/home/iguanya/nurses/env/lib/python3.10/site-packages/click/core.py", line 1688, in invoke
    return _process_result(sub_ctx.command.invoke(sub_ctx))
  File "/home/iguanya/nurses/env/lib/python3.10/site-packages/click/core.py", line 1434, in invoke
    return ctx.invoke(self.callback, **ctx.params)
  File "/home/iguanya/nurses/env/lib/python3.10/site-packages/click/core.py", line 783, in invoke
    return __callback(*args, **kwargs)
  File "/home/iguanya/nurses/apps/frappe/frappe/commands/scheduler.py", line 202, in start_worker
    start_worker(
  File "/home/iguanya/nurses/apps/frappe/frappe/utils/background_jobs.py", line 305, in start_worker
    worker.work(
  File "/home/iguanya/nurses/env/lib/python3.10/site-packages/rq/worker.py", line 456, in work
    self.teardown()
  File "/home/iguanya/nurses/env/lib/python3.10/site-packages/rq/worker.py", line 1046, in teardown
    self.register_death()
  File "/home/iguanya/nurses/env/lib/python3.10/site-packages/rq/worker.py", line 832, in register_death
    p.execute()
  File "/home/iguanya/nurses/env/lib/python3.10/site-packages/redis/client.py", line 1492, in execute
    conn = self.connection_pool.get_connection("MULTI", self.shard_hint)
  File "/home/iguanya/nurses/env/lib/python3.10/site-packages/redis/connection.py", line 1104, in get_connection
    connection.connect()
  File "/home/iguanya/nurses/env/lib/python3.10/site-packages/redis/connection.py", line 282, in connect
    raise ConnectionError(self._error_message(e))
redis.exceptions.ConnectionError: Error 111 connecting to 127.0.0.1:11005. Connection refused.
/home/iguanya/nurses/env/lib/python3.10/site-packages/rq/connections.py:58: DeprecationWarning: The `push_connection` function is deprecated. Pass the `connection` explicitly instead.
  warnings.warn(
/home/iguanya/nurses/env/lib/python3.10/site-packages/rq/connections.py:72: DeprecationWarning: The `pop_connection` function is deprecated. Pass the `connection` explicitly instead.
  warnings.warn(
/home/iguanya/nurses/env/lib/python3.10/site-packages/rq/connections.py:58: DeprecationWarning: The `push_connection` function is deprecated. Pass the `connection` explicitly instead.
  warnings.warn(
/home/iguanya/nurses/env/lib/python3.10/site-packages/rq/connections.py:72: DeprecationWarning: The `pop_connection` function is deprecated. Pass the `connection` explicitly instead.
  warnings.warn(
/home/iguanya/nurses/env/lib/python3.10/site-packages/rq/connections.py:58: DeprecationWarning: The `push_connection` function is deprecated. Pass the `connection` explicitly instead.
  warnings.warn(
/home/iguanya/nurses/env/lib/python3.10/site-packages/rq/connections.py:72: DeprecationWarning: The `pop_connection` function is deprecated. Pass the `connection` explicitly instead.
  warnings.warn(
/home/iguanya/nurses/env/lib/python3.10/site-packages/rq/connections.py:58: DeprecationWarning: The `push_connection` function is deprecated. Pass the `connection` explicitly instead.
  warnings.warn(
/home/iguanya/nurses/env/lib/python3.10/site-packages/rq/connections.py:72: DeprecationWarning: The `pop_connection` function is deprecated. Pass the `connection` explicitly instead.
  warnings.warn(
/home/iguanya/nurses/env/lib/python3.10/site-packages/rq/connections.py:58: DeprecationWarning: The `push_connection` function is deprecated. Pass the `connection` explicitly instead.
  warnings.warn(
/home/iguanya/nurses/env/lib/python3.10/site-packages/rq/connections.py:72: DeprecationWarning: The `pop_connection` function is deprecated. Pass the `connection` explicitly instead.
  warnings.warn(
/home/iguanya/nurses/env/lib/python3.10/site-packages/rq/connections.py:58: DeprecationWarning: The `push_connection` function is deprecated. Pass the `connection` explicitly instead.
  warnings.warn(
/home/iguanya/nurses/env/lib/python3.10/site-packages/rq/connections.py:72: DeprecationWarning: The `pop_connection` function is deprecated. Pass the `connection` explicitly instead.
  warnings.warn(
/home/iguanya/nurses/env/lib/python3.10/site-packages/rq/connections.py:58: DeprecationWarning: The `push_connection` function is deprecated. Pass the `connection` explicitly instead.
  warnings.warn(
/home/iguanya/nurses/env/lib/python3.10/site-packages/rq/connections.py:72: DeprecationWarning: The `pop_connection` function is deprecated. Pass the `connection` explicitly instead.
  warnings.warn(
/home/iguanya/nurses/env/lib/python3.10/site-packages/rq/connections.py:58: DeprecationWarning: The `push_connection` function is deprecated. Pass the `connection` explicitly instead.
  warnings.warn(
/home/iguanya/nurses/env/lib/python3.10/site-packages/rq/connections.py:72: DeprecationWarning: The `pop_connection` function is deprecated. Pass the `connection` explicitly instead.
  warnings.warn(
/home/iguanya/nurses/env/lib/python3.10/site-packages/rq/connections.py:58: DeprecationWarning: The `push_connection` function is deprecated. Pass the `connection` explicitly instead.
  warnings.warn(
/home/iguanya/nurses/env/lib/python3.10/site-packages/rq/connections.py:72: DeprecationWarning: The `pop_connection` function is deprecated. Pass the `connection` explicitly instead.
  warnings.warn(
/home/iguanya/nurses/env/lib/python3.10/site-packages/rq/connections.py:58: DeprecationWarning: The `push_connection` function is deprecated. Pass the `connection` explicitly instead.
  warnings.warn(
/home/iguanya/nurses/env/lib/python3.10/site-packages/rq/connections.py:72: DeprecationWarning: The `pop_connection` function is deprecated. Pass the `connection` explicitly instead.
  warnings.warn(
/home/iguanya/nurses/env/lib/python3.10/site-packages/rq/connections.py:58: DeprecationWarning: The `push_connection` function is deprecated. Pass the `connection` explicitly instead.
  warnings.warn(
/home/iguanya/nurses/env/lib/python3.10/site-packages/rq/connections.py:72: DeprecationWarning: The `pop_connection` function is deprecated. Pass the `connection` explicitly instead.
  warnings.warn(
/home/iguanya/nurses/env/lib/python3.10/site-packages/rq/connections.py:58: DeprecationWarning: The `push_connection` function is deprecated. Pass the `connection` explicitly instead.
  warnings.warn(
/home/iguanya/nurses/env/lib/python3.10/site-packages/rq/connections.py:72: DeprecationWarning: The `pop_connection` function is deprecated. Pass the `connection` explicitly instead.
  warnings.warn(
/home/iguanya/nurses/env/lib/python3.10/site-packages/rq/connections.py:58: DeprecationWarning: The `push_connection` function is deprecated. Pass the `connection` explicitly instead.
  warnings.warn(
/home/iguanya/nurses/env/lib/python3.10/site-packages/rq/connections.py:72: DeprecationWarning: The `pop_connection` function is deprecated. Pass the `connection` explicitly instead.
  warnings.warn(
/home/iguanya/nurses/env/lib/python3.10/site-packages/rq/connections.py:58: DeprecationWarning: The `push_connection` function is deprecated. Pass the `connection` explicitly instead.
  warnings.warn(
/home/iguanya/nurses/env/lib/python3.10/site-packages/dropbox/session.py:1: DeprecationWarning: pkg_resources is deprecated as an API. See https://setuptools.pypa.io/en/latest/pkg_resources.html
  import pkg_resources
/home/iguanya/nurses/env/lib/python3.10/site-packages/pkg_resources/__init__.py:2846: DeprecationWarning: Deprecated call to `pkg_resources.declare_namespace('google')`.
Implementing implicit namespace packages (as specified in PEP 420) is preferred to `pkg_resources.declare_namespace`. See https://setuptools.pypa.io/en/latest/references/keywords.html#keyword-namespace-packages
  declare_namespace(pkg)
/home/iguanya/nurses/env/lib/python3.10/site-packages/pkg_resources/__init__.py:2846: DeprecationWarning: Deprecated call to `pkg_resources.declare_namespace('google')`.
Implementing implicit namespace packages (as specified in PEP 420) is preferred to `pkg_resources.declare_namespace`. See https://setuptools.pypa.io/en/latest/references/keywords.html#keyword-namespace-packages
  declare_namespace(pkg)
/home/iguanya/nurses/env/lib/python3.10/site-packages/pkg_resources/__init__.py:2846: DeprecationWarning: Deprecated call to `pkg_resources.declare_namespace('google')`.
Implementing implicit namespace packages (as specified in PEP 420) is preferred to `pkg_resources.declare_namespace`. See https://setuptools.pypa.io/en/latest/references/keywords.html#keyword-namespace-packages
  declare_namespace(pkg)
/home/iguanya/nurses/env/lib/python3.10/site-packages/rq/connections.py:72: DeprecationWarning: The `pop_connection` function is deprecated. Pass the `connection` explicitly instead.
  warnings.warn(
/home/iguanya/nurses/env/lib/python3.10/site-packages/rq/connections.py:58: DeprecationWarning: The `push_connection` function is deprecated. Pass the `connection` explicitly instead.
  warnings.warn(
/home/iguanya/nurses/env/lib/python3.10/site-packages/rq/connections.py:72: DeprecationWarning: The `pop_connection` function is deprecated. Pass the `connection` explicitly instead.
  warnings.warn(
/home/iguanya/nurses/env/lib/python3.10/site-packages/rq/connections.py:58: DeprecationWarning: The `push_connection` function is deprecated. Pass the `connection` explicitly instead.
  warnings.warn(
/home/iguanya/nurses/env/lib/python3.10/site-packages/rq/connections.py:72: DeprecationWarning: The `pop_connection` function is deprecated. Pass the `connection` explicitly instead.
  warnings.warn(
/home/iguanya/nurses/env/lib/python3.10/site-packages/rq/connections.py:58: DeprecationWarning: The `push_connection` function is deprecated. Pass the `connection` explicitly instead.
  warnings.warn(
/home/iguanya/nurses/env/lib/python3.10/site-packages/rq/connections.py:72: DeprecationWarning: The `pop_connection` function is deprecated. Pass the `connection` explicitly instead.
  warnings.warn(
/home/iguanya/nurses/env/lib/python3.10/site-packages/rq/connections.py:58: DeprecationWarning: The `push_connection` function is deprecated. Pass the `connection` explicitly instead.
  warnings.warn(
/home/iguanya/nurses/env/lib/python3.10/site-packages/rq/connections.py:72: DeprecationWarning: The `pop_connection` function is deprecated. Pass the `connection` explicitly instead.
  warnings.warn(
/home/iguanya/nurses/env/lib/python3.10/site-packages/rq/connections.py:58: DeprecationWarning: The `push_connection` function is deprecated. Pass the `connection` explicitly instead.
  warnings.warn(
/home/iguanya/nurses/env/lib/python3.10/site-packages/rq/connections.py:72: DeprecationWarning: The `pop_connection` function is deprecated. Pass the `connection` explicitly instead.
  warnings.warn(
/home/iguanya/nurses/env/lib/python3.10/site-packages/rq/connections.py:58: DeprecationWarning: The `push_connection` function is deprecated. Pass the `connection` explicitly instead.
  warnings.warn(
/home/iguanya/nurses/env/lib/python3.10/site-packages/rq/connections.py:72: DeprecationWarning: The `pop_connection` function is deprecated. Pass the `connection` explicitly instead.
  warnings.warn(
/home/iguanya/nurses/env/lib/python3.10/site-packages/rq/connections.py:58: DeprecationWarning: The `push_connection` function is deprecated. Pass the `connection` explicitly instead.
  warnings.warn(
/home/iguanya/nurses/env/lib/python3.10/site-packages/rq/connections.py:72: DeprecationWarning: The `pop_connection` function is deprecated. Pass the `connection` explicitly instead.
  warnings.warn(
/home/iguanya/nurses/env/lib/python3.10/site-packages/rq/connections.py:58: DeprecationWarning: The `push_connection` function is deprecated. Pass the `connection` explicitly instead.
  warnings.warn(
/home/iguanya/nurses/env/lib/python3.10/site-packages/rq/connections.py:72: DeprecationWarning: The `pop_connection` function is deprecated. Pass the `connection` explicitly instead.
  warnings.warn(
/home/iguanya/nurses/env/lib/python3.10/site-packages/rq/connections.py:58: DeprecationWarning: The `push_connection` function is deprecated. Pass the `connection` explicitly instead.
  warnings.warn(
/home/iguanya/nurses/env/lib/python3.10/site-packages/rq/connections.py:72: DeprecationWarning: The `pop_connection` function is deprecated. Pass the `connection` explicitly instead.
  warnings.warn(
/home/iguanya/nurses/env/lib/python3.10/site-packages/rq/connections.py:58: DeprecationWarning: The `push_connection` function is deprecated. Pass the `connection` explicitly instead.
  warnings.warn(
/home/iguanya/nurses/env/lib/python3.10/site-packages/rq/connections.py:72: DeprecationWarning: The `pop_connection` function is deprecated. Pass the `connection` explicitly instead.
  warnings.warn(
/home/iguanya/nurses/env/lib/python3.10/site-packages/rq/connections.py:58: DeprecationWarning: The `push_connection` function is deprecated. Pass the `connection` explicitly instead.
  warnings.warn(
/home/iguanya/nurses/env/lib/python3.10/site-packages/rq/connections.py:72: DeprecationWarning: The `pop_connection` function is deprecated. Pass the `connection` explicitly instead.
  warnings.warn(
/home/iguanya/nurses/env/lib/python3.10/site-packages/rq/connections.py:58: DeprecationWarning: The `push_connection` function is deprecated. Pass the `connection` explicitly instead.
  warnings.warn(
/home/iguanya/nurses/env/lib/python3.10/site-packages/rq/connections.py:72: DeprecationWarning: The `pop_connection` function is deprecated. Pass the `connection` explicitly instead.
  warnings.warn(
/home/iguanya/nurses/env/lib/python3.10/site-packages/rq/connections.py:58: DeprecationWarning: The `push_connection` function is deprecated. Pass the `connection` explicitly instead.
  warnings.warn(
/home/iguanya/nurses/env/lib/python3.10/site-packages/rq/connections.py:72: DeprecationWarning: The `pop_connection` function is deprecated. Pass the `connection` explicitly instead.
  warnings.warn(
/home/iguanya/nurses/env/lib/python3.10/site-packages/rq/connections.py:58: DeprecationWarning: The `push_connection` function is deprecated. Pass the `connection` explicitly instead.
  warnings.warn(
/home/iguanya/nurses/env/lib/python3.10/site-packages/rq/connections.py:72: DeprecationWarning: The `pop_connection` function is deprecated. Pass the `connection` explicitly instead.
  warnings.warn(
/home/iguanya/nurses/env/lib/python3.10/site-packages/rq/connections.py:58: DeprecationWarning: The `push_connection` function is deprecated. Pass the `connection` explicitly instead.
  warnings.warn(
/home/iguanya/nurses/env/lib/python3.10/site-packages/rq/connections.py:72: DeprecationWarning: The `pop_connection` function is deprecated. Pass the `connection` explicitly instead.
  warnings.warn(
/home/iguanya/nurses/env/lib/python3.10/site-packages/rq/connections.py:58: DeprecationWarning: The `push_connection` function is deprecated. Pass the `connection` explicitly instead.
  warnings.warn(
/home/iguanya/nurses/env/lib/python3.10/site-packages/rq/connections.py:72: DeprecationWarning: The `pop_connection` function is deprecated. Pass the `connection` explicitly instead.
  warnings.warn(
/home/iguanya/nurses/env/lib/python3.10/site-packages/rq/connections.py:58: DeprecationWarning: The `push_connection` function is deprecated. Pass the `connection` explicitly instead.
  warnings.warn(
/home/iguanya/nurses/env/lib/python3.10/site-packages/rq/connections.py:72: DeprecationWarning: The `pop_connection` function is deprecated. Pass the `connection` explicitly instead.
  warnings.warn(
/home/iguanya/nurses/env/lib/python3.10/site-packages/rq/connections.py:58: DeprecationWarning: The `push_connection` function is deprecated. Pass the `connection` explicitly instead.
  warnings.warn(
/home/iguanya/nurses/env/lib/python3.10/site-packages/rq/connections.py:72: DeprecationWarning: The `pop_connection` function is deprecated. Pass the `connection` explicitly instead.
  warnings.warn(
/home/iguanya/nurses/env/lib/python3.10/site-packages/rq/connections.py:58: DeprecationWarning: The `push_connection` function is deprecated. Pass the `connection` explicitly instead.
  warnings.warn(
/home/iguanya/nurses/env/lib/python3.10/site-packages/rq/connections.py:72: DeprecationWarning: The `pop_connection` function is deprecated. Pass the `connection` explicitly instead.
  warnings.warn(
/home/iguanya/nurses/env/lib/python3.10/site-packages/rq/connections.py:58: DeprecationWarning: The `push_connection` function is deprecated. Pass the `connection` explicitly instead.
  warnings.warn(
/home/iguanya/nurses/env/lib/python3.10/site-packages/rq/connections.py:72: DeprecationWarning: The `pop_connection` function is deprecated. Pass the `connection` explicitly instead.
  warnings.warn(
/home/iguanya/nurses/env/lib/python3.10/site-packages/rq/connections.py:58: DeprecationWarning: The `push_connection` function is deprecated. Pass the `connection` explicitly instead.
  warnings.warn(
/home/iguanya/nurses/env/lib/python3.10/site-packages/rq/connections.py:72: DeprecationWarning: The `pop_connection` function is deprecated. Pass the `connection` explicitly instead.
  warnings.warn(
/home/iguanya/nurses/env/lib/python3.10/site-packages/rq/connections.py:58: DeprecationWarning: The `push_connection` function is deprecated. Pass the `connection` explicitly instead.
  warnings.warn(
/home/iguanya/nurses/env/lib/python3.10/site-packages/rq/connections.py:72: DeprecationWarning: The `pop_connection` function is deprecated. Pass the `connection` explicitly instead.
  warnings.warn(
/home/iguanya/nurses/env/lib/python3.10/site-packages/rq/connections.py:58: DeprecationWarning: The `push_connection` function is deprecated. Pass the `connection` explicitly instead.
  warnings.warn(
/home/iguanya/nurses/env/lib/python3.10/site-packages/rq/connections.py:72: DeprecationWarning: The `pop_connection` function is deprecated. Pass the `connection` explicitly instead.
  warnings.warn(
/home/iguanya/nurses/env/lib/python3.10/site-packages/rq/connections.py:58: DeprecationWarning: The `push_connection` function is deprecated. Pass the `connection` explicitly instead.
  warnings.warn(
/home/iguanya/nurses/env/lib/python3.10/site-packages/rq/connections.py:72: DeprecationWarning: The `pop_connection` function is deprecated. Pass the `connection` explicitly instead.
  warnings.warn(
/home/iguanya/nurses/env/lib/python3.10/site-packages/rq/connections.py:58: DeprecationWarning: The `push_connection` function is deprecated. Pass the `connection` explicitly instead.
  warnings.warn(
/home/iguanya/nurses/env/lib/python3.10/site-packages/rq/connections.py:72: DeprecationWarning: The `pop_connection` function is deprecated. Pass the `connection` explicitly instead.
  warnings.warn(
/home/iguanya/nurses/env/lib/python3.10/site-packages/rq/connections.py:58: DeprecationWarning: The `push_connection` function is deprecated. Pass the `connection` explicitly instead.
  warnings.warn(
/home/iguanya/nurses/env/lib/python3.10/site-packages/rq/connections.py:72: DeprecationWarning: The `pop_connection` function is deprecated. Pass the `connection` explicitly instead.
  warnings.warn(
/home/iguanya/nurses/env/lib/python3.10/site-packages/rq/connections.py:58: DeprecationWarning: The `push_connection` function is deprecated. Pass the `connection` explicitly instead.
  warnings.warn(
/home/iguanya/nurses/env/lib/python3.10/site-packages/rq/connections.py:72: DeprecationWarning: The `pop_connection` function is deprecated. Pass the `connection` explicitly instead.
  warnings.warn(
/home/iguanya/nurses/env/lib/python3.10/site-packages/rq/connections.py:58: DeprecationWarning: The `push_connection` function is deprecated. Pass the `connection` explicitly instead.
  warnings.warn(
/home/iguanya/nurses/env/lib/python3.10/site-packages/rq/connections.py:72: DeprecationWarning: The `pop_connection` function is deprecated. Pass the `connection` explicitly instead.
  warnings.warn(
/home/iguanya/nurses/env/lib/python3.10/site-packages/rq/connections.py:58: DeprecationWarning: The `push_connection` function is deprecated. Pass the `connection` explicitly instead.
  warnings.warn(
/home/iguanya/nurses/env/lib/python3.10/site-packages/rq/connections.py:72: DeprecationWarning: The `pop_connection` function is deprecated. Pass the `connection` explicitly instead.
  warnings.warn(
/home/iguanya/nurses/env/lib/python3.10/site-packages/rq/connections.py:58: DeprecationWarning: The `push_connection` function is deprecated. Pass the `connection` explicitly instead.
  warnings.warn(
/home/iguanya/nurses/env/lib/python3.10/site-packages/rq/connections.py:72: DeprecationWarning: The `pop_connection` function is deprecated. Pass the `connection` explicitly instead.
  warnings.warn(
/home/iguanya/nurses/env/lib/python3.10/site-packages/rq/connections.py:58: DeprecationWarning: The `push_connection` function is deprecated. Pass the `connection` explicitly instead.
  warnings.warn(
/home/iguanya/nurses/env/lib/python3.10/site-packages/rq/connections.py:72: DeprecationWarning: The `pop_connection` function is deprecated. Pass the `connection` explicitly instead.
  warnings.warn(
/home/iguanya/nurses/env/lib/python3.10/site-packages/rq/connections.py:58: DeprecationWarning: The `push_connection` function is deprecated. Pass the `connection` explicitly instead.
  warnings.warn(
/home/iguanya/nurses/env/lib/python3.10/site-packages/rq/connections.py:72: DeprecationWarning: The `pop_connection` function is deprecated. Pass the `connection` explicitly instead.
  warnings.warn(
/home/iguanya/nurses/env/lib/python3.10/site-packages/rq/connections.py:58: DeprecationWarning: The `push_connection` function is deprecated. Pass the `connection` explicitly instead.
  warnings.warn(
/home/iguanya/nurses/env/lib/python3.10/site-packages/rq/connections.py:72: DeprecationWarning: The `pop_connection` function is deprecated. Pass the `connection` explicitly instead.
  warnings.warn(
/home/iguanya/nurses/env/lib/python3.10/site-packages/rq/connections.py:58: DeprecationWarning: The `push_connection` function is deprecated. Pass the `connection` explicitly instead.
  warnings.warn(
/home/iguanya/nurses/env/lib/python3.10/site-packages/rq/connections.py:72: DeprecationWarning: The `pop_connection` function is deprecated. Pass the `connection` explicitly instead.
  warnings.warn(
/home/iguanya/nurses/env/lib/python3.10/site-packages/rq/connections.py:58: DeprecationWarning: The `push_connection` function is deprecated. Pass the `connection` explicitly instead.
  warnings.warn(
/home/iguanya/nurses/env/lib/python3.10/site-packages/rq/connections.py:72: DeprecationWarning: The `pop_connection` function is deprecated. Pass the `connection` explicitly instead.
  warnings.warn(
/home/iguanya/nurses/env/lib/python3.10/site-packages/rq/connections.py:58: DeprecationWarning: The `push_connection` function is deprecated. Pass the `connection` explicitly instead.
  warnings.warn(
/home/iguanya/nurses/env/lib/python3.10/site-packages/rq/connections.py:72: DeprecationWarning: The `pop_connection` function is deprecated. Pass the `connection` explicitly instead.
  warnings.warn(
/home/iguanya/nurses/env/lib/python3.10/site-packages/rq/connections.py:58: DeprecationWarning: The `push_connection` function is deprecated. Pass the `connection` explicitly instead.
  warnings.warn(
/home/iguanya/nurses/env/lib/python3.10/site-packages/rq/connections.py:72: DeprecationWarning: The `pop_connection` function is deprecated. Pass the `connection` explicitly instead.
  warnings.warn(
/home/iguanya/nurses/env/lib/python3.10/site-packages/rq/connections.py:58: DeprecationWarning: The `push_connection` function is deprecated. Pass the `connection` explicitly instead.
  warnings.warn(
/home/iguanya/nurses/env/lib/python3.10/site-packages/rq/connections.py:72: DeprecationWarning: The `pop_connection` function is deprecated. Pass the `connection` explicitly instead.
  warnings.warn(
/home/iguanya/nurses/env/lib/python3.10/site-packages/rq/connections.py:58: DeprecationWarning: The `push_connection` function is deprecated. Pass the `connection` explicitly instead.
  warnings.warn(
/home/iguanya/nurses/env/lib/python3.10/site-packages/rq/connections.py:72: DeprecationWarning: The `pop_connection` function is deprecated. Pass the `connection` explicitly instead.
  warnings.warn(
/home/iguanya/nurses/env/lib/python3.10/site-packages/rq/connections.py:58: DeprecationWarning: The `push_connection` function is deprecated. Pass the `connection` explicitly instead.
  warnings.warn(
/home/iguanya/nurses/env/lib/python3.10/site-packages/rq/connections.py:72: DeprecationWarning: The `pop_connection` function is deprecated. Pass the `connection` explicitly instead.
  warnings.warn(
/home/iguanya/nurses/env/lib/python3.10/site-packages/rq/connections.py:58: DeprecationWarning: The `push_connection` function is deprecated. Pass the `connection` explicitly instead.
  warnings.warn(
/home/iguanya/nurses/env/lib/python3.10/site-packages/rq/connections.py:72: DeprecationWarning: The `pop_connection` function is deprecated. Pass the `connection` explicitly instead.
  warnings.warn(
/home/iguanya/nurses/env/lib/python3.10/site-packages/rq/connections.py:58: DeprecationWarning: The `push_connection` function is deprecated. Pass the `connection` explicitly instead.
  warnings.warn(
/home/iguanya/nurses/env/lib/python3.10/site-packages/rq/connections.py:72: DeprecationWarning: The `pop_connection` function is deprecated. Pass the `connection` explicitly instead.
  warnings.warn(
/home/iguanya/nurses/env/lib/python3.10/site-packages/rq/connections.py:58: DeprecationWarning: The `push_connection` function is deprecated. Pass the `connection` explicitly instead.
  warnings.warn(
/home/iguanya/nurses/env/lib/python3.10/site-packages/rq/connections.py:72: DeprecationWarning: The `pop_connection` function is deprecated. Pass the `connection` explicitly instead.
  warnings.warn(
/home/iguanya/nurses/env/lib/python3.10/site-packages/rq/connections.py:58: DeprecationWarning: The `push_connection` function is deprecated. Pass the `connection` explicitly instead.
  warnings.warn(
/home/iguanya/nurses/env/lib/python3.10/site-packages/rq/connections.py:72: DeprecationWarning: The `pop_connection` function is deprecated. Pass the `connection` explicitly instead.
  warnings.warn(
/home/iguanya/nurses/env/lib/python3.10/site-packages/rq/connections.py:58: DeprecationWarning: The `push_connection` function is deprecated. Pass the `connection` explicitly instead.
  warnings.warn(
/home/iguanya/nurses/env/lib/python3.10/site-packages/rq/connections.py:72: DeprecationWarning: The `pop_connection` function is deprecated. Pass the `connection` explicitly instead.
  warnings.warn(
/home/iguanya/nurses/env/lib/python3.10/site-packages/rq/connections.py:58: DeprecationWarning: The `push_connection` function is deprecated. Pass the `connection` explicitly instead.
  warnings.warn(
/home/iguanya/nurses/env/lib/python3.10/site-packages/rq/connections.py:72: DeprecationWarning: The `pop_connection` function is deprecated. Pass the `connection` explicitly instead.
  warnings.warn(
/home/iguanya/nurses/env/lib/python3.10/site-packages/rq/connections.py:58: DeprecationWarning: The `push_connection` function is deprecated. Pass the `connection` explicitly instead.
  warnings.warn(
/home/iguanya/nurses/env/lib/python3.10/site-packages/rq/connections.py:72: DeprecationWarning: The `pop_connection` function is deprecated. Pass the `connection` explicitly instead.
  warnings.warn(
/home/iguanya/nurses/env/lib/python3.10/site-packages/rq/connections.py:58: DeprecationWarning: The `push_connection` function is deprecated. Pass the `connection` explicitly instead.
  warnings.warn(
/home/iguanya/nurses/env/lib/python3.10/site-packages/rq/connections.py:72: DeprecationWarning: The `pop_connection` function is deprecated. Pass the `connection` explicitly instead.
  warnings.warn(
/home/iguanya/nurses/env/lib/python3.10/site-packages/rq/connections.py:58: DeprecationWarning: The `push_connection` function is deprecated. Pass the `connection` explicitly instead.
  warnings.warn(
/home/iguanya/nurses/env/lib/python3.10/site-packages/rq/connections.py:72: DeprecationWarning: The `pop_connection` function is deprecated. Pass the `connection` explicitly instead.
  warnings.warn(
/home/iguanya/nurses/env/lib/python3.10/site-packages/rq/connections.py:58: DeprecationWarning: The `push_connection` function is deprecated. Pass the `connection` explicitly instead.
  warnings.warn(
/home/iguanya/nurses/env/lib/python3.10/site-packages/rq/connections.py:72: DeprecationWarning: The `pop_connection` function is deprecated. Pass the `connection` explicitly instead.
  warnings.warn(
/home/iguanya/nurses/env/lib/python3.10/site-packages/rq/connections.py:58: DeprecationWarning: The `push_connection` function is deprecated. Pass the `connection` explicitly instead.
  warnings.warn(
/home/iguanya/nurses/env/lib/python3.10/site-packages/rq/connections.py:72: DeprecationWarning: The `pop_connection` function is deprecated. Pass the `connection` explicitly instead.
  warnings.warn(
/home/iguanya/nurses/env/lib/python3.10/site-packages/rq/connections.py:58: DeprecationWarning: The `push_connection` function is deprecated. Pass the `connection` explicitly instead.
  warnings.warn(
/home/iguanya/nurses/env/lib/python3.10/site-packages/rq/connections.py:72: DeprecationWarning: The `pop_connection` function is deprecated. Pass the `connection` explicitly instead.
  warnings.warn(
/home/iguanya/nurses/env/lib/python3.10/site-packages/rq/connections.py:58: DeprecationWarning: The `push_connection` function is deprecated. Pass the `connection` explicitly instead.
  warnings.warn(
/home/iguanya/nurses/env/lib/python3.10/site-packages/rq/connections.py:72: DeprecationWarning: The `pop_connection` function is deprecated. Pass the `connection` explicitly instead.
  warnings.warn(
/home/iguanya/nurses/env/lib/python3.10/site-packages/rq/connections.py:58: DeprecationWarning: The `push_connection` function is deprecated. Pass the `connection` explicitly instead.
  warnings.warn(
/home/iguanya/nurses/env/lib/python3.10/site-packages/rq/connections.py:72: DeprecationWarning: The `pop_connection` function is deprecated. Pass the `connection` explicitly instead.
  warnings.warn(
/home/iguanya/nurses/env/lib/python3.10/site-packages/rq/connections.py:58: DeprecationWarning: The `push_connection` function is deprecated. Pass the `connection` explicitly instead.
  warnings.warn(
/home/iguanya/nurses/env/lib/python3.10/site-packages/rq/connections.py:72: DeprecationWarning: The `pop_connection` function is deprecated. Pass the `connection` explicitly instead.
  warnings.warn(
Traceback (most recent call last):
  File "/home/iguanya/nurses/env/lib/python3.10/site-packages/redis/connection.py", line 276, in connect
    sock = self.retry.call_with_retry(Exception in thread Thread-1:
Traceback (most recent call last):
  File "/usr/lib/python3.10/threading.py", line 1016, in _bootstrap_inner
    self.run()
  File "/home/iguanya/nurses/env/lib/python3.10/site-packages/redis/client.py", line 1162, in run
    pubsub.get_message(ignore_subscribe_messages=True, timeout=sleep_time)
  File "/home/iguanya/nurses/env/lib/python3.10/site-packages/redis/client.py", line 1024, in get_message
    response = self.parse_response(block=(timeout is None), timeout=timeout)
  File "/home/iguanya/nurses/env/lib/python3.10/site-packages/redis/client.py", line 835, in parse_response

  File "/home/iguanya/nurses/env/lib/python3.10/site-packages/redis/retry.py", line 46, in call_with_retry
    return do()
  File "/home/iguanya/nurses/env/lib/python3.10/site-packages/redis/connection.py", line 277, in <lambda>
    lambda: self._connect(), lambda error: self.disconnect(error)
  File "/home/iguanya/nurses/env/lib/python3.10/site-packages/redis/connection.py", line 639, in _connect
    raise err
  File "/home/iguanya/nurses/env/lib/python3.10/site-packages/redis/connection.py", line 627, in _connect
    sock.connect(socket_address)
ConnectionRefusedError: [Errno 111] Connection refused

During handling of the above exception, another exception occurred:

Traceback (most recent call last):
  File "/usr/lib/python3.10/runpy.py", line 196, in _run_module_as_main
    return _run_code(code, main_globals, None,
  File "/usr/lib/python3.10/runpy.py", line 86, in _run_code
    response = self._execute(conn, try_read)
  File "/home/iguanya/nurses/env/lib/python3.10/site-packages/redis/client.py", line 811, in _execute
    return conn.retry.call_with_retry(
  File "/home/iguanya/nurses/env/lib/python3.10/site-packages/redis/retry.py", line 49, in call_with_retry
    fail(error)
  File "/home/iguanya/nurses/env/lib/python3.10/site-packages/redis/client.py", line 813, in <lambda>
    lambda error: self._disconnect_raise_connect(conn, error),
  File "/home/iguanya/nurses/env/lib/python3.10/site-packages/redis/client.py", line 800, in _disconnect_raise_connect
    exec(code, run_globals)
  File "/home/iguanya/nurses/apps/frappe/frappe/utils/bench_helper.py", line 128, in <module>
    main()
  File "/home/iguanya/nurses/apps/frappe/frappe/utils/bench_helper.py", line 34, in main
    FrappeCommandGroup(commands=commands)(prog_name="bench")
  File "/home/iguanya/nurses/env/lib/python3.10/site-packages/click/core.py", line 1157, in __call__
    return self.main(*args, **kwargs)
  File "/home/iguanya/nurses/env/lib/python3.10/site-packages/click/core.py", line 1078, in main
    rv = self.invoke(ctx)
  File "/home/iguanya/nurses/env/lib/python3.10/site-packages/click/core.py", line 1688, in invoke
    raise error
  File "/home/iguanya/nurses/env/lib/python3.10/site-packages/redis/retry.py", line 46, in call_with_retry
    return do()
  File "/home/iguanya/nurses/env/lib/python3.10/site-packages/redis/client.py", line 812, in <lambda>
        return _process_result(sub_ctx.command.invoke(sub_ctx))
  File "/home/iguanya/nurses/env/lib/python3.10/site-packages/click/core.py", line 1688, in invoke
    lambda: command(*args, **kwargs),
  File "/home/iguanya/nurses/env/lib/python3.10/site-packages/redis/client.py", line 829, in try_read
    if not conn.can_read(timeout=timeout):
  File "/home/iguanya/nurses/env/lib/python3.10/site-packages/redis/connection.py", line 490, in can_read
    return self._parser.can_read(timeout)
  File "/home/iguanya/nurses/env/lib/python3.10/site-packages/redis/_parsers/hiredis.py", line 75, in can_read
    return self.read_from_socket(timeout=timeout, raise_on_timeout=False)
  File "/home/iguanya/nurses/env/lib/python3.10/site-packages/redis/_parsers/hiredis.py", line 86, in read_from_socket
    raise ConnectionError(SERVER_CLOSED_CONNECTION_ERROR)
redis.exceptions.ConnectionError: Connection closed by server.
return _process_result(sub_ctx.command.invoke(sub_ctx))
  File "/home/iguanya/nurses/env/lib/python3.10/site-packages/click/core.py", line 1434, in invoke
    return ctx.invoke(self.callback, **ctx.params)
  File "/home/iguanya/nurses/env/lib/python3.10/site-packages/click/core.py", line 783, in invoke
    return __callback(*args, **kwargs)
  File "/home/iguanya/nurses/apps/frappe/frappe/commands/scheduler.py", line 202, in start_worker
    start_worker(
  File "/home/iguanya/nurses/apps/frappe/frappe/utils/background_jobs.py", line 305, in start_worker
    worker.work(
  File "/home/iguanya/nurses/env/lib/python3.10/site-packages/rq/worker.py", line 456, in work
    self.teardown()
  File "/home/iguanya/nurses/env/lib/python3.10/site-packages/rq/worker.py", line 1046, in teardown
    self.register_death()
  File "/home/iguanya/nurses/env/lib/python3.10/site-packages/rq/worker.py", line 832, in register_death
    p.execute()
  File "/home/iguanya/nurses/env/lib/python3.10/site-packages/redis/client.py", line 1492, in execute
    conn = self.connection_pool.get_connection("MULTI", self.shard_hint)
  File "/home/iguanya/nurses/env/lib/python3.10/site-packages/redis/connection.py", line 1104, in get_connection
    connection.connect()
  File "/home/iguanya/nurses/env/lib/python3.10/site-packages/redis/connection.py", line 282, in connect
    raise ConnectionError(self._error_message(e))
redis.exceptions.ConnectionError: Error 111 connecting to 127.0.0.1:11005. Connection refused.
